<?xml version="1.0" encoding="UTF-8"?>
<testsuite xmlns:xsi="http://www.w3.org/2001/XMLSchema-instance" xsi:noNamespaceSchemaLocation="https://maven.apache.org/surefire/maven-surefire-plugin/xsd/surefire-test-report-3.0.xsd" version="3.0" name="TestSuite" time="43.104" tests="6" errors="0" skipped="0" failures="0">
  <properties>
    <property name="java.specification.version" value="17"/>
    <property name="webdriver.chrome.driver" value="C:\Users\USER\IdeaProjects\MyMavenProject\src\main\java\com\qa\banking\util\chromedriver.exe"/>
    <property name="sun.cpu.isalist" value="amd64"/>
    <property name="sun.jnu.encoding" value="Cp1252"/>
    <property name="java.class.path" value="C:\Users\USER\IdeaProjects\MyMavenProject\target\test-classes;C:\Users\USER\IdeaProjects\MyMavenProject\target\classes;C:\Windows\system32\config\systemprofile\.m2\repository\org\testng\testng\7.8.0\testng-7.8.0.jar;C:\Windows\system32\config\systemprofile\.m2\repository\org\slf4j\slf4j-api\1.7.36\slf4j-api-1.7.36.jar;C:\Windows\system32\config\systemprofile\.m2\repository\com\beust\jcommander\1.82\jcommander-1.82.jar;C:\Windows\system32\config\systemprofile\.m2\repository\org\webjars\jquery\3.6.1\jquery-3.6.1.jar;C:\Windows\system32\config\systemprofile\.m2\repository\org\seleniumhq\selenium\selenium-java\4.8.0\selenium-java-4.8.0.jar;C:\Windows\system32\config\systemprofile\.m2\repository\org\seleniumhq\selenium\selenium-api\4.8.0\selenium-api-4.8.0.jar;C:\Windows\system32\config\systemprofile\.m2\repository\org\seleniumhq\selenium\selenium-chrome-driver\4.8.0\selenium-chrome-driver-4.8.0.jar;C:\Windows\system32\config\systemprofile\.m2\repository\com\google\auto\service\auto-service-annotations\1.0.1\auto-service-annotations-1.0.1.jar;C:\Windows\system32\config\systemprofile\.m2\repository\com\google\auto\service\auto-service\1.0.1\auto-service-1.0.1.jar;C:\Windows\system32\config\systemprofile\.m2\repository\com\google\auto\auto-common\1.2\auto-common-1.2.jar;C:\Windows\system32\config\systemprofile\.m2\repository\com\google\guava\guava\31.1-jre\guava-31.1-jre.jar;C:\Windows\system32\config\systemprofile\.m2\repository\com\google\guava\failureaccess\1.0.1\failureaccess-1.0.1.jar;C:\Windows\system32\config\systemprofile\.m2\repository\com\google\guava\listenablefuture\9999.0-empty-to-avoid-conflict-with-guava\listenablefuture-9999.0-empty-to-avoid-conflict-with-guava.jar;C:\Windows\system32\config\systemprofile\.m2\repository\com\google\code\findbugs\jsr305\3.0.2\jsr305-3.0.2.jar;C:\Windows\system32\config\systemprofile\.m2\repository\org\checkerframework\checker-qual\3.12.0\checker-qual-3.12.0.jar;C:\Windows\system32\config\systemprofile\.m2\repository\com\google\errorprone\error_prone_annotations\2.11.0\error_prone_annotations-2.11.0.jar;C:\Windows\system32\config\systemprofile\.m2\repository\com\google\j2objc\j2objc-annotations\1.3\j2objc-annotations-1.3.jar;C:\Windows\system32\config\systemprofile\.m2\repository\org\seleniumhq\selenium\selenium-chromium-driver\4.8.0\selenium-chromium-driver-4.8.0.jar;C:\Windows\system32\config\systemprofile\.m2\repository\org\seleniumhq\selenium\selenium-json\4.8.0\selenium-json-4.8.0.jar;C:\Windows\system32\config\systemprofile\.m2\repository\org\seleniumhq\selenium\selenium-devtools-v107\4.8.0\selenium-devtools-v107-4.8.0.jar;C:\Windows\system32\config\systemprofile\.m2\repository\org\seleniumhq\selenium\selenium-devtools-v108\4.8.0\selenium-devtools-v108-4.8.0.jar;C:\Windows\system32\config\systemprofile\.m2\repository\org\seleniumhq\selenium\selenium-devtools-v109\4.8.0\selenium-devtools-v109-4.8.0.jar;C:\Windows\system32\config\systemprofile\.m2\repository\org\seleniumhq\selenium\selenium-devtools-v85\4.8.0\selenium-devtools-v85-4.8.0.jar;C:\Windows\system32\config\systemprofile\.m2\repository\org\seleniumhq\selenium\selenium-edge-driver\4.8.0\selenium-edge-driver-4.8.0.jar;C:\Windows\system32\config\systemprofile\.m2\repository\org\seleniumhq\selenium\selenium-firefox-driver\4.8.0\selenium-firefox-driver-4.8.0.jar;C:\Windows\system32\config\systemprofile\.m2\repository\org\seleniumhq\selenium\selenium-http\4.8.0\selenium-http-4.8.0.jar;C:\Windows\system32\config\systemprofile\.m2\repository\dev\failsafe\failsafe\3.3.0\failsafe-3.3.0.jar;C:\Windows\system32\config\systemprofile\.m2\repository\org\seleniumhq\selenium\selenium-ie-driver\4.8.0\selenium-ie-driver-4.8.0.jar;C:\Windows\system32\config\systemprofile\.m2\repository\org\seleniumhq\selenium\selenium-remote-driver\4.8.0\selenium-remote-driver-4.8.0.jar;C:\Windows\system32\config\systemprofile\.m2\repository\io\netty\netty-buffer\4.1.87.Final\netty-buffer-4.1.87.Final.jar;C:\Windows\system32\config\systemprofile\.m2\repository\io\netty\netty-codec-http\4.1.87.Final\netty-codec-http-4.1.87.Final.jar;C:\Windows\system32\config\systemprofile\.m2\repository\io\netty\netty-codec\4.1.87.Final\netty-codec-4.1.87.Final.jar;C:\Windows\system32\config\systemprofile\.m2\repository\io\netty\netty-handler\4.1.87.Final\netty-handler-4.1.87.Final.jar;C:\Windows\system32\config\systemprofile\.m2\repository\io\netty\netty-common\4.1.87.Final\netty-common-4.1.87.Final.jar;C:\Windows\system32\config\systemprofile\.m2\repository\io\netty\netty-transport-classes-epoll\4.1.87.Final\netty-transport-classes-epoll-4.1.87.Final.jar;C:\Windows\system32\config\systemprofile\.m2\repository\io\netty\netty-transport-classes-kqueue\4.1.87.Final\netty-transport-classes-kqueue-4.1.87.Final.jar;C:\Windows\system32\config\systemprofile\.m2\repository\io\netty\netty-transport-native-epoll\4.1.87.Final\netty-transport-native-epoll-4.1.87.Final.jar;C:\Windows\system32\config\systemprofile\.m2\repository\io\netty\netty-transport-native-kqueue\4.1.87.Final\netty-transport-native-kqueue-4.1.87.Final.jar;C:\Windows\system32\config\systemprofile\.m2\repository\io\netty\netty-transport-native-unix-common\4.1.87.Final\netty-transport-native-unix-common-4.1.87.Final.jar;C:\Windows\system32\config\systemprofile\.m2\repository\io\netty\netty-transport\4.1.87.Final\netty-transport-4.1.87.Final.jar;C:\Windows\system32\config\systemprofile\.m2\repository\io\netty\netty-resolver\4.1.87.Final\netty-resolver-4.1.87.Final.jar;C:\Windows\system32\config\systemprofile\.m2\repository\io\opentelemetry\opentelemetry-api\1.22.0\opentelemetry-api-1.22.0.jar;C:\Windows\system32\config\systemprofile\.m2\repository\io\opentelemetry\opentelemetry-context\1.22.0\opentelemetry-context-1.22.0.jar;C:\Windows\system32\config\systemprofile\.m2\repository\io\opentelemetry\opentelemetry-exporter-logging\1.22.0\opentelemetry-exporter-logging-1.22.0.jar;C:\Windows\system32\config\systemprofile\.m2\repository\io\opentelemetry\opentelemetry-sdk-metrics\1.22.0\opentelemetry-sdk-metrics-1.22.0.jar;C:\Windows\system32\config\systemprofile\.m2\repository\io\opentelemetry\opentelemetry-sdk-logs\1.22.0-alpha\opentelemetry-sdk-logs-1.22.0-alpha.jar;C:\Windows\system32\config\systemprofile\.m2\repository\io\opentelemetry\opentelemetry-api-logs\1.22.0-alpha\opentelemetry-api-logs-1.22.0-alpha.jar;C:\Windows\system32\config\systemprofile\.m2\repository\io\opentelemetry\opentelemetry-sdk-common\1.22.0\opentelemetry-sdk-common-1.22.0.jar;C:\Windows\system32\config\systemprofile\.m2\repository\io\opentelemetry\opentelemetry-sdk-extension-autoconfigure-spi\1.22.0\opentelemetry-sdk-extension-autoconfigure-spi-1.22.0.jar;C:\Windows\system32\config\systemprofile\.m2\repository\io\opentelemetry\opentelemetry-sdk-extension-autoconfigure\1.22.0-alpha\opentelemetry-sdk-extension-autoconfigure-1.22.0-alpha.jar;C:\Windows\system32\config\systemprofile\.m2\repository\io\opentelemetry\opentelemetry-sdk-trace\1.22.0\opentelemetry-sdk-trace-1.22.0.jar;C:\Windows\system32\config\systemprofile\.m2\repository\io\opentelemetry\opentelemetry-sdk\1.22.0\opentelemetry-sdk-1.22.0.jar;C:\Windows\system32\config\systemprofile\.m2\repository\io\opentelemetry\opentelemetry-semconv\1.22.0-alpha\opentelemetry-semconv-1.22.0-alpha.jar;C:\Windows\system32\config\systemprofile\.m2\repository\io\ous\jtoml\2.0.0\jtoml-2.0.0.jar;C:\Windows\system32\config\systemprofile\.m2\repository\net\bytebuddy\byte-buddy\1.12.22\byte-buddy-1.12.22.jar;C:\Windows\system32\config\systemprofile\.m2\repository\org\apache\commons\commons-exec\1.3\commons-exec-1.3.jar;C:\Windows\system32\config\systemprofile\.m2\repository\org\asynchttpclient\async-http-client\2.12.3\async-http-client-2.12.3.jar;C:\Windows\system32\config\systemprofile\.m2\repository\org\asynchttpclient\async-http-client-netty-utils\2.12.3\async-http-client-netty-utils-2.12.3.jar;C:\Windows\system32\config\systemprofile\.m2\repository\io\netty\netty-codec-socks\4.1.60.Final\netty-codec-socks-4.1.60.Final.jar;C:\Windows\system32\config\systemprofile\.m2\repository\io\netty\netty-handler-proxy\4.1.60.Final\netty-handler-proxy-4.1.60.Final.jar;C:\Windows\system32\config\systemprofile\.m2\repository\io\netty\netty-transport-native-epoll\4.1.60.Final\netty-transport-native-epoll-4.1.60.Final-linux-x86_64.jar;C:\Windows\system32\config\systemprofile\.m2\repository\io\netty\netty-transport-native-kqueue\4.1.60.Final\netty-transport-native-kqueue-4.1.60.Final-osx-x86_64.jar;C:\Windows\system32\config\systemprofile\.m2\repository\org\reactivestreams\reactive-streams\1.0.3\reactive-streams-1.0.3.jar;C:\Windows\system32\config\systemprofile\.m2\repository\com\typesafe\netty\netty-reactive-streams\2.0.4\netty-reactive-streams-2.0.4.jar;C:\Windows\system32\config\systemprofile\.m2\repository\com\sun\activation\jakarta.activation\1.2.2\jakarta.activation-1.2.2.jar;C:\Windows\system32\config\systemprofile\.m2\repository\org\seleniumhq\selenium\selenium-manager\4.8.0\selenium-manager-4.8.0.jar;C:\Windows\system32\config\systemprofile\.m2\repository\org\seleniumhq\selenium\selenium-safari-driver\4.8.0\selenium-safari-driver-4.8.0.jar;C:\Windows\system32\config\systemprofile\.m2\repository\org\seleniumhq\selenium\selenium-support\4.8.0\selenium-support-4.8.0.jar;C:\Windows\system32\config\systemprofile\.m2\repository\org\jsoup\jsoup\1.14.3\jsoup-1.14.3.jar;C:\Windows\system32\config\systemprofile\.m2\repository\org\apache\poi\poi\4.1.2\poi-4.1.2.jar;C:\Windows\system32\config\systemprofile\.m2\repository\commons-codec\commons-codec\1.13\commons-codec-1.13.jar;C:\Windows\system32\config\systemprofile\.m2\repository\org\apache\commons\commons-collections4\4.4\commons-collections4-4.4.jar;C:\Windows\system32\config\systemprofile\.m2\repository\org\apache\commons\commons-math3\3.6.1\commons-math3-3.6.1.jar;C:\Windows\system32\config\systemprofile\.m2\repository\com\zaxxer\SparseBitSet\1.2\SparseBitSet-1.2.jar;C:\Windows\system32\config\systemprofile\.m2\repository\org\apache\logging\log4j\log4j-api\2.14.1\log4j-api-2.14.1.jar;C:\Windows\system32\config\systemprofile\.m2\repository\org\apache\logging\log4j\log4j-jpl\2.14.1\log4j-jpl-2.14.1.jar;C:\Windows\system32\config\systemprofile\.m2\repository\org\apache\logging\log4j\log4j-core\2.14.1\log4j-core-2.14.1.jar;C:\Windows\system32\config\systemprofile\.m2\repository\org\apache\poi\poi-ooxml\4.1.2\poi-ooxml-4.1.2.jar;C:\Windows\system32\config\systemprofile\.m2\repository\org\apache\poi\poi-ooxml-schemas\4.1.2\poi-ooxml-schemas-4.1.2.jar;C:\Windows\system32\config\systemprofile\.m2\repository\org\apache\xmlbeans\xmlbeans\3.1.0\xmlbeans-3.1.0.jar;C:\Windows\system32\config\systemprofile\.m2\repository\org\apache\commons\commons-compress\1.19\commons-compress-1.19.jar;C:\Windows\system32\config\systemprofile\.m2\repository\com\github\virtuald\curvesapi\1.06\curvesapi-1.06.jar;C:\Windows\system32\config\systemprofile\.m2\repository\io\rest-assured\rest-assured\5.3.2\rest-assured-5.3.2.jar;C:\Windows\system32\config\systemprofile\.m2\repository\org\apache\groovy\groovy\4.0.11\groovy-4.0.11.jar;C:\Windows\system32\config\systemprofile\.m2\repository\org\apache\groovy\groovy-xml\4.0.11\groovy-xml-4.0.11.jar;C:\Windows\system32\config\systemprofile\.m2\repository\org\apache\httpcomponents\httpclient\4.5.13\httpclient-4.5.13.jar;C:\Windows\system32\config\systemprofile\.m2\repository\org\apache\httpcomponents\httpcore\4.4.13\httpcore-4.4.13.jar;C:\Windows\system32\config\systemprofile\.m2\repository\commons-logging\commons-logging\1.2\commons-logging-1.2.jar;C:\Windows\system32\config\systemprofile\.m2\repository\org\apache\httpcomponents\httpmime\4.5.13\httpmime-4.5.13.jar;C:\Windows\system32\config\systemprofile\.m2\repository\org\hamcrest\hamcrest\2.2\hamcrest-2.2.jar;C:\Windows\system32\config\systemprofile\.m2\repository\org\ccil\cowan\tagsoup\tagsoup\1.2.1\tagsoup-1.2.1.jar;C:\Windows\system32\config\systemprofile\.m2\repository\io\rest-assured\json-path\5.3.2\json-path-5.3.2.jar;C:\Windows\system32\config\systemprofile\.m2\repository\org\apache\groovy\groovy-json\4.0.11\groovy-json-4.0.11.jar;C:\Windows\system32\config\systemprofile\.m2\repository\io\rest-assured\rest-assured-common\5.3.2\rest-assured-common-5.3.2.jar;C:\Windows\system32\config\systemprofile\.m2\repository\io\rest-assured\xml-path\5.3.2\xml-path-5.3.2.jar;C:\Windows\system32\config\systemprofile\.m2\repository\org\apache\commons\commons-lang3\3.11\commons-lang3-3.11.jar;C:\Windows\system32\config\systemprofile\.m2\repository\com\relevantcodes\extentreports\2.41.2\extentreports-2.41.2.jar;C:\Windows\system32\config\systemprofile\.m2\repository\org\xerial\sqlite-jdbc\3.8.11.1\sqlite-jdbc-3.8.11.1.jar;C:\Windows\system32\config\systemprofile\.m2\repository\org\freemarker\freemarker\2.3.23\freemarker-2.3.23.jar;C:\Windows\system32\config\systemprofile\.m2\repository\org\mongodb\mongodb-driver\3.0.4\mongodb-driver-3.0.4.jar;C:\Windows\system32\config\systemprofile\.m2\repository\org\mongodb\bson\3.0.4\bson-3.0.4.jar;C:\Windows\system32\config\systemprofile\.m2\repository\org\mongodb\mongodb-driver-core\3.0.4\mongodb-driver-core-3.0.4.jar;"/>
    <property name="java.vm.vendor" value="Oracle Corporation"/>
    <property name="sun.arch.data.model" value="64"/>
    <property name="user.variant" value=""/>
    <property name="java.vendor.url" value="https://java.oracle.com/"/>
    <property name="user.timezone" value="Asia/Calcutta"/>
    <property name="os.name" value="Windows 10"/>
    <property name="java.vm.specification.version" value="17"/>
    <property name="sun.java.launcher" value="SUN_STANDARD"/>
    <property name="user.country" value="US"/>
    <property name="sun.boot.library.path" value="C:\Program Files\Java\jdk-17\bin"/>
    <property name="sun.java.command" value="C:\Windows\Temp\surefire3778222584562997863\surefirebooter17560197839122853497.jar C:\Windows\Temp\surefire3778222584562997863 2024-02-19T17-03-19_063-jvmRun1 surefire10636866268606199675tmp surefire_0239805160578771231tmp"/>
    <property name="jdk.debug" value="release"/>
    <property name="surefire.test.class.path" value="C:\Users\USER\IdeaProjects\MyMavenProject\target\test-classes;C:\Users\USER\IdeaProjects\MyMavenProject\target\classes;C:\Windows\system32\config\systemprofile\.m2\repository\org\testng\testng\7.8.0\testng-7.8.0.jar;C:\Windows\system32\config\systemprofile\.m2\repository\org\slf4j\slf4j-api\1.7.36\slf4j-api-1.7.36.jar;C:\Windows\system32\config\systemprofile\.m2\repository\com\beust\jcommander\1.82\jcommander-1.82.jar;C:\Windows\system32\config\systemprofile\.m2\repository\org\webjars\jquery\3.6.1\jquery-3.6.1.jar;C:\Windows\system32\config\systemprofile\.m2\repository\org\seleniumhq\selenium\selenium-java\4.8.0\selenium-java-4.8.0.jar;C:\Windows\system32\config\systemprofile\.m2\repository\org\seleniumhq\selenium\selenium-api\4.8.0\selenium-api-4.8.0.jar;C:\Windows\system32\config\systemprofile\.m2\repository\org\seleniumhq\selenium\selenium-chrome-driver\4.8.0\selenium-chrome-driver-4.8.0.jar;C:\Windows\system32\config\systemprofile\.m2\repository\com\google\auto\service\auto-service-annotations\1.0.1\auto-service-annotations-1.0.1.jar;C:\Windows\system32\config\systemprofile\.m2\repository\com\google\auto\service\auto-service\1.0.1\auto-service-1.0.1.jar;C:\Windows\system32\config\systemprofile\.m2\repository\com\google\auto\auto-common\1.2\auto-common-1.2.jar;C:\Windows\system32\config\systemprofile\.m2\repository\com\google\guava\guava\31.1-jre\guava-31.1-jre.jar;C:\Windows\system32\config\systemprofile\.m2\repository\com\google\guava\failureaccess\1.0.1\failureaccess-1.0.1.jar;C:\Windows\system32\config\systemprofile\.m2\repository\com\google\guava\listenablefuture\9999.0-empty-to-avoid-conflict-with-guava\listenablefuture-9999.0-empty-to-avoid-conflict-with-guava.jar;C:\Windows\system32\config\systemprofile\.m2\repository\com\google\code\findbugs\jsr305\3.0.2\jsr305-3.0.2.jar;C:\Windows\system32\config\systemprofile\.m2\repository\org\checkerframework\checker-qual\3.12.0\checker-qual-3.12.0.jar;C:\Windows\system32\config\systemprofile\.m2\repository\com\google\errorprone\error_prone_annotations\2.11.0\error_prone_annotations-2.11.0.jar;C:\Windows\system32\config\systemprofile\.m2\repository\com\google\j2objc\j2objc-annotations\1.3\j2objc-annotations-1.3.jar;C:\Windows\system32\config\systemprofile\.m2\repository\org\seleniumhq\selenium\selenium-chromium-driver\4.8.0\selenium-chromium-driver-4.8.0.jar;C:\Windows\system32\config\systemprofile\.m2\repository\org\seleniumhq\selenium\selenium-json\4.8.0\selenium-json-4.8.0.jar;C:\Windows\system32\config\systemprofile\.m2\repository\org\seleniumhq\selenium\selenium-devtools-v107\4.8.0\selenium-devtools-v107-4.8.0.jar;C:\Windows\system32\config\systemprofile\.m2\repository\org\seleniumhq\selenium\selenium-devtools-v108\4.8.0\selenium-devtools-v108-4.8.0.jar;C:\Windows\system32\config\systemprofile\.m2\repository\org\seleniumhq\selenium\selenium-devtools-v109\4.8.0\selenium-devtools-v109-4.8.0.jar;C:\Windows\system32\config\systemprofile\.m2\repository\org\seleniumhq\selenium\selenium-devtools-v85\4.8.0\selenium-devtools-v85-4.8.0.jar;C:\Windows\system32\config\systemprofile\.m2\repository\org\seleniumhq\selenium\selenium-edge-driver\4.8.0\selenium-edge-driver-4.8.0.jar;C:\Windows\system32\config\systemprofile\.m2\repository\org\seleniumhq\selenium\selenium-firefox-driver\4.8.0\selenium-firefox-driver-4.8.0.jar;C:\Windows\system32\config\systemprofile\.m2\repository\org\seleniumhq\selenium\selenium-http\4.8.0\selenium-http-4.8.0.jar;C:\Windows\system32\config\systemprofile\.m2\repository\dev\failsafe\failsafe\3.3.0\failsafe-3.3.0.jar;C:\Windows\system32\config\systemprofile\.m2\repository\org\seleniumhq\selenium\selenium-ie-driver\4.8.0\selenium-ie-driver-4.8.0.jar;C:\Windows\system32\config\systemprofile\.m2\repository\org\seleniumhq\selenium\selenium-remote-driver\4.8.0\selenium-remote-driver-4.8.0.jar;C:\Windows\system32\config\systemprofile\.m2\repository\io\netty\netty-buffer\4.1.87.Final\netty-buffer-4.1.87.Final.jar;C:\Windows\system32\config\systemprofile\.m2\repository\io\netty\netty-codec-http\4.1.87.Final\netty-codec-http-4.1.87.Final.jar;C:\Windows\system32\config\systemprofile\.m2\repository\io\netty\netty-codec\4.1.87.Final\netty-codec-4.1.87.Final.jar;C:\Windows\system32\config\systemprofile\.m2\repository\io\netty\netty-handler\4.1.87.Final\netty-handler-4.1.87.Final.jar;C:\Windows\system32\config\systemprofile\.m2\repository\io\netty\netty-common\4.1.87.Final\netty-common-4.1.87.Final.jar;C:\Windows\system32\config\systemprofile\.m2\repository\io\netty\netty-transport-classes-epoll\4.1.87.Final\netty-transport-classes-epoll-4.1.87.Final.jar;C:\Windows\system32\config\systemprofile\.m2\repository\io\netty\netty-transport-classes-kqueue\4.1.87.Final\netty-transport-classes-kqueue-4.1.87.Final.jar;C:\Windows\system32\config\systemprofile\.m2\repository\io\netty\netty-transport-native-epoll\4.1.87.Final\netty-transport-native-epoll-4.1.87.Final.jar;C:\Windows\system32\config\systemprofile\.m2\repository\io\netty\netty-transport-native-kqueue\4.1.87.Final\netty-transport-native-kqueue-4.1.87.Final.jar;C:\Windows\system32\config\systemprofile\.m2\repository\io\netty\netty-transport-native-unix-common\4.1.87.Final\netty-transport-native-unix-common-4.1.87.Final.jar;C:\Windows\system32\config\systemprofile\.m2\repository\io\netty\netty-transport\4.1.87.Final\netty-transport-4.1.87.Final.jar;C:\Windows\system32\config\systemprofile\.m2\repository\io\netty\netty-resolver\4.1.87.Final\netty-resolver-4.1.87.Final.jar;C:\Windows\system32\config\systemprofile\.m2\repository\io\opentelemetry\opentelemetry-api\1.22.0\opentelemetry-api-1.22.0.jar;C:\Windows\system32\config\systemprofile\.m2\repository\io\opentelemetry\opentelemetry-context\1.22.0\opentelemetry-context-1.22.0.jar;C:\Windows\system32\config\systemprofile\.m2\repository\io\opentelemetry\opentelemetry-exporter-logging\1.22.0\opentelemetry-exporter-logging-1.22.0.jar;C:\Windows\system32\config\systemprofile\.m2\repository\io\opentelemetry\opentelemetry-sdk-metrics\1.22.0\opentelemetry-sdk-metrics-1.22.0.jar;C:\Windows\system32\config\systemprofile\.m2\repository\io\opentelemetry\opentelemetry-sdk-logs\1.22.0-alpha\opentelemetry-sdk-logs-1.22.0-alpha.jar;C:\Windows\system32\config\systemprofile\.m2\repository\io\opentelemetry\opentelemetry-api-logs\1.22.0-alpha\opentelemetry-api-logs-1.22.0-alpha.jar;C:\Windows\system32\config\systemprofile\.m2\repository\io\opentelemetry\opentelemetry-sdk-common\1.22.0\opentelemetry-sdk-common-1.22.0.jar;C:\Windows\system32\config\systemprofile\.m2\repository\io\opentelemetry\opentelemetry-sdk-extension-autoconfigure-spi\1.22.0\opentelemetry-sdk-extension-autoconfigure-spi-1.22.0.jar;C:\Windows\system32\config\systemprofile\.m2\repository\io\opentelemetry\opentelemetry-sdk-extension-autoconfigure\1.22.0-alpha\opentelemetry-sdk-extension-autoconfigure-1.22.0-alpha.jar;C:\Windows\system32\config\systemprofile\.m2\repository\io\opentelemetry\opentelemetry-sdk-trace\1.22.0\opentelemetry-sdk-trace-1.22.0.jar;C:\Windows\system32\config\systemprofile\.m2\repository\io\opentelemetry\opentelemetry-sdk\1.22.0\opentelemetry-sdk-1.22.0.jar;C:\Windows\system32\config\systemprofile\.m2\repository\io\opentelemetry\opentelemetry-semconv\1.22.0-alpha\opentelemetry-semconv-1.22.0-alpha.jar;C:\Windows\system32\config\systemprofile\.m2\repository\io\ous\jtoml\2.0.0\jtoml-2.0.0.jar;C:\Windows\system32\config\systemprofile\.m2\repository\net\bytebuddy\byte-buddy\1.12.22\byte-buddy-1.12.22.jar;C:\Windows\system32\config\systemprofile\.m2\repository\org\apache\commons\commons-exec\1.3\commons-exec-1.3.jar;C:\Windows\system32\config\systemprofile\.m2\repository\org\asynchttpclient\async-http-client\2.12.3\async-http-client-2.12.3.jar;C:\Windows\system32\config\systemprofile\.m2\repository\org\asynchttpclient\async-http-client-netty-utils\2.12.3\async-http-client-netty-utils-2.12.3.jar;C:\Windows\system32\config\systemprofile\.m2\repository\io\netty\netty-codec-socks\4.1.60.Final\netty-codec-socks-4.1.60.Final.jar;C:\Windows\system32\config\systemprofile\.m2\repository\io\netty\netty-handler-proxy\4.1.60.Final\netty-handler-proxy-4.1.60.Final.jar;C:\Windows\system32\config\systemprofile\.m2\repository\io\netty\netty-transport-native-epoll\4.1.60.Final\netty-transport-native-epoll-4.1.60.Final-linux-x86_64.jar;C:\Windows\system32\config\systemprofile\.m2\repository\io\netty\netty-transport-native-kqueue\4.1.60.Final\netty-transport-native-kqueue-4.1.60.Final-osx-x86_64.jar;C:\Windows\system32\config\systemprofile\.m2\repository\org\reactivestreams\reactive-streams\1.0.3\reactive-streams-1.0.3.jar;C:\Windows\system32\config\systemprofile\.m2\repository\com\typesafe\netty\netty-reactive-streams\2.0.4\netty-reactive-streams-2.0.4.jar;C:\Windows\system32\config\systemprofile\.m2\repository\com\sun\activation\jakarta.activation\1.2.2\jakarta.activation-1.2.2.jar;C:\Windows\system32\config\systemprofile\.m2\repository\org\seleniumhq\selenium\selenium-manager\4.8.0\selenium-manager-4.8.0.jar;C:\Windows\system32\config\systemprofile\.m2\repository\org\seleniumhq\selenium\selenium-safari-driver\4.8.0\selenium-safari-driver-4.8.0.jar;C:\Windows\system32\config\systemprofile\.m2\repository\org\seleniumhq\selenium\selenium-support\4.8.0\selenium-support-4.8.0.jar;C:\Windows\system32\config\systemprofile\.m2\repository\org\jsoup\jsoup\1.14.3\jsoup-1.14.3.jar;C:\Windows\system32\config\systemprofile\.m2\repository\org\apache\poi\poi\4.1.2\poi-4.1.2.jar;C:\Windows\system32\config\systemprofile\.m2\repository\commons-codec\commons-codec\1.13\commons-codec-1.13.jar;C:\Windows\system32\config\systemprofile\.m2\repository\org\apache\commons\commons-collections4\4.4\commons-collections4-4.4.jar;C:\Windows\system32\config\systemprofile\.m2\repository\org\apache\commons\commons-math3\3.6.1\commons-math3-3.6.1.jar;C:\Windows\system32\config\systemprofile\.m2\repository\com\zaxxer\SparseBitSet\1.2\SparseBitSet-1.2.jar;C:\Windows\system32\config\systemprofile\.m2\repository\org\apache\logging\log4j\log4j-api\2.14.1\log4j-api-2.14.1.jar;C:\Windows\system32\config\systemprofile\.m2\repository\org\apache\logging\log4j\log4j-jpl\2.14.1\log4j-jpl-2.14.1.jar;C:\Windows\system32\config\systemprofile\.m2\repository\org\apache\logging\log4j\log4j-core\2.14.1\log4j-core-2.14.1.jar;C:\Windows\system32\config\systemprofile\.m2\repository\org\apache\poi\poi-ooxml\4.1.2\poi-ooxml-4.1.2.jar;C:\Windows\system32\config\systemprofile\.m2\repository\org\apache\poi\poi-ooxml-schemas\4.1.2\poi-ooxml-schemas-4.1.2.jar;C:\Windows\system32\config\systemprofile\.m2\repository\org\apache\xmlbeans\xmlbeans\3.1.0\xmlbeans-3.1.0.jar;C:\Windows\system32\config\systemprofile\.m2\repository\org\apache\commons\commons-compress\1.19\commons-compress-1.19.jar;C:\Windows\system32\config\systemprofile\.m2\repository\com\github\virtuald\curvesapi\1.06\curvesapi-1.06.jar;C:\Windows\system32\config\systemprofile\.m2\repository\io\rest-assured\rest-assured\5.3.2\rest-assured-5.3.2.jar;C:\Windows\system32\config\systemprofile\.m2\repository\org\apache\groovy\groovy\4.0.11\groovy-4.0.11.jar;C:\Windows\system32\config\systemprofile\.m2\repository\org\apache\groovy\groovy-xml\4.0.11\groovy-xml-4.0.11.jar;C:\Windows\system32\config\systemprofile\.m2\repository\org\apache\httpcomponents\httpclient\4.5.13\httpclient-4.5.13.jar;C:\Windows\system32\config\systemprofile\.m2\repository\org\apache\httpcomponents\httpcore\4.4.13\httpcore-4.4.13.jar;C:\Windows\system32\config\systemprofile\.m2\repository\commons-logging\commons-logging\1.2\commons-logging-1.2.jar;C:\Windows\system32\config\systemprofile\.m2\repository\org\apache\httpcomponents\httpmime\4.5.13\httpmime-4.5.13.jar;C:\Windows\system32\config\systemprofile\.m2\repository\org\hamcrest\hamcrest\2.2\hamcrest-2.2.jar;C:\Windows\system32\config\systemprofile\.m2\repository\org\ccil\cowan\tagsoup\tagsoup\1.2.1\tagsoup-1.2.1.jar;C:\Windows\system32\config\systemprofile\.m2\repository\io\rest-assured\json-path\5.3.2\json-path-5.3.2.jar;C:\Windows\system32\config\systemprofile\.m2\repository\org\apache\groovy\groovy-json\4.0.11\groovy-json-4.0.11.jar;C:\Windows\system32\config\systemprofile\.m2\repository\io\rest-assured\rest-assured-common\5.3.2\rest-assured-common-5.3.2.jar;C:\Windows\system32\config\systemprofile\.m2\repository\io\rest-assured\xml-path\5.3.2\xml-path-5.3.2.jar;C:\Windows\system32\config\systemprofile\.m2\repository\org\apache\commons\commons-lang3\3.11\commons-lang3-3.11.jar;C:\Windows\system32\config\systemprofile\.m2\repository\com\relevantcodes\extentreports\2.41.2\extentreports-2.41.2.jar;C:\Windows\system32\config\systemprofile\.m2\repository\org\xerial\sqlite-jdbc\3.8.11.1\sqlite-jdbc-3.8.11.1.jar;C:\Windows\system32\config\systemprofile\.m2\repository\org\freemarker\freemarker\2.3.23\freemarker-2.3.23.jar;C:\Windows\system32\config\systemprofile\.m2\repository\org\mongodb\mongodb-driver\3.0.4\mongodb-driver-3.0.4.jar;C:\Windows\system32\config\systemprofile\.m2\repository\org\mongodb\bson\3.0.4\bson-3.0.4.jar;C:\Windows\system32\config\systemprofile\.m2\repository\org\mongodb\mongodb-driver-core\3.0.4\mongodb-driver-core-3.0.4.jar;"/>
    <property name="sun.cpu.endian" value="little"/>
    <property name="user.home" value="C:\Windows\system32\config\systemprofile"/>
    <property name="user.language" value="en"/>
    <property name="java.specification.vendor" value="Oracle Corporation"/>
    <property name="java.version.date" value="2023-10-17"/>
    <property name="java.home" value="C:\Program Files\Java\jdk-17"/>
    <property name="file.separator" value="\"/>
    <property name="basedir" value="C:\Users\USER\IdeaProjects\MyMavenProject"/>
    <property name="java.vm.compressedOopsMode" value="32-bit"/>
    <property name="line.separator" value="&#10;"/>
    <property name="java.vm.specification.vendor" value="Oracle Corporation"/>
    <property name="java.specification.name" value="Java Platform API Specification"/>
    <property name="surefire.real.class.path" value="C:\Windows\Temp\surefire3778222584562997863\surefirebooter17560197839122853497.jar"/>
    <property name="user.script" value=""/>
    <property name="sun.management.compiler" value="HotSpot 64-Bit Tiered Compilers"/>
    <property name="java.runtime.version" value="17.0.9+11-LTS-201"/>
    <property name="user.name" value="DESKTOP-DFKEKLV$"/>
    <property name="path.separator" value=";"/>
    <property name="os.version" value="10.0"/>
    <property name="java.runtime.name" value="Java(TM) SE Runtime Environment"/>
    <property name="file.encoding" value="Cp1252"/>
    <property name="java.vm.name" value="Java HotSpot(TM) 64-Bit Server VM"/>
    <property name="localRepository" value="C:\Windows\system32\config\systemprofile\.m2\repository"/>
    <property name="java.vendor.url.bug" value="https://bugreport.java.com/bugreport/"/>
    <property name="java.io.tmpdir" value="C:\Windows\TEMP\"/>
    <property name="java.version" value="17.0.9"/>
    <property name="user.dir" value="C:\Users\USER\IdeaProjects\MyMavenProject"/>
    <property name="os.arch" value="amd64"/>
    <property name="java.vm.specification.name" value="Java Virtual Machine Specification"/>
    <property name="sun.os.patch.level" value=""/>
    <property name="native.encoding" value="Cp1252"/>
    <property name="java.library.path" value="C:\Program Files\Java\jdk-17\bin;C:\Windows\Sun\Java\bin;C:\Windows\system32;C:\Windows;C:\ProgramData\Jenkins\.jenkins\tools\hudson.tasks.Maven_MavenInstallation\TestMaven/bin;C:\Program Files\Common Files\Oracle\Java\javapath;C:\Windows\system32;C:\Windows;C:\Windows\System32\Wbem;C:\Windows\System32\WindowsPowerShell\v1.0\;C:\Windows\System32\OpenSSH\;C:\Program Files\Java\jdk-17\bin;C:\Program Files\Git\cmd;C:\Windows\system32\config\systemprofile\AppData\Local\Microsoft\WindowsApps;."/>
    <property name="java.vm.info" value="mixed mode, sharing"/>
    <property name="java.vendor" value="Oracle Corporation"/>
    <property name="java.vm.version" value="17.0.9+11-LTS-201"/>
    <property name="sun.io.unicode.encoding" value="UnicodeLittle"/>
    <property name="java.class.version" value="61.0"/>
  </properties>
  <testcase name="loginPageTitleTest" classname="com.qa.banking.TestCases.LoginPageTest" time="0.021">
    <system-out><![CDATA[[DEBUG] 2024-02-19 17:03:22,524 InternalLoggerFactory.useLog4J2LoggerFactory() - Using Log4J2 as the default logging framework
[DEBUG] 2024-02-19 17:03:22,539 ResourceLeakDetector.<clinit>() - -Dio.netty.leakDetection.level: simple
[DEBUG] 2024-02-19 17:03:22,540 ResourceLeakDetector.<clinit>() - -Dio.netty.leakDetection.targetRecords: 4
[DEBUG] 2024-02-19 17:03:22,547 ResourceLeakDetectorFactory.newResourceLeakDetector() - Loaded default ResourceLeakDetector: io.netty.util.ResourceLeakDetector@f9879ac
[DEBUG] 2024-02-19 17:03:22,572 PlatformDependent0.explicitNoUnsafeCause0() - -Dio.netty.noUnsafe: false
[DEBUG] 2024-02-19 17:03:22,573 PlatformDependent0.javaVersion0() - Java version: 17
[DEBUG] 2024-02-19 17:03:22,575 PlatformDependent0.<clinit>() - sun.misc.Unsafe.theUnsafe: available
[DEBUG] 2024-02-19 17:03:22,580 PlatformDependent0.<clinit>() - sun.misc.Unsafe.copyMemory: available
[DEBUG] 2024-02-19 17:03:22,581 PlatformDependent0.<clinit>() - sun.misc.Unsafe.storeFence: available
[DEBUG] 2024-02-19 17:03:22,583 PlatformDependent0.<clinit>() - java.nio.Buffer.address: available
[DEBUG] 2024-02-19 17:03:22,585 PlatformDependent0.<clinit>() - direct buffer constructor: unavailable: Reflective setAccessible(true) disabled
[DEBUG] 2024-02-19 17:03:22,586 PlatformDependent0.<clinit>() - java.nio.Bits.unaligned: available, true
[DEBUG] 2024-02-19 17:03:22,588 PlatformDependent0.<clinit>() - jdk.internal.misc.Unsafe.allocateUninitializedArray(int): unavailable: class io.netty.util.internal.PlatformDependent0$7 cannot access class jdk.internal.misc.Unsafe (in module java.base) because module java.base does not export jdk.internal.misc to unnamed module @6d2a209c
[DEBUG] 2024-02-19 17:03:22,590 PlatformDependent0.<clinit>() - java.nio.DirectByteBuffer.<init>(long, int): unavailable
[DEBUG] 2024-02-19 17:03:22,590 PlatformDependent.unsafeUnavailabilityCause0() - sun.misc.Unsafe: available
[DEBUG] 2024-02-19 17:03:22,591 PlatformDependent.estimateMaxDirectMemory() - maxDirectMemory: 2126512128 bytes (maybe)
[DEBUG] 2024-02-19 17:03:22,592 PlatformDependent.tmpdir0() - -Dio.netty.tmpdir: C:\Windows\TEMP (java.io.tmpdir)
[DEBUG] 2024-02-19 17:03:22,592 PlatformDependent.bitMode0() - -Dio.netty.bitMode: 64 (sun.arch.data.model)
[DEBUG] 2024-02-19 17:03:22,593 PlatformDependent.isWindows0() - Platform: Windows
[DEBUG] 2024-02-19 17:03:22,594 PlatformDependent.<clinit>() - -Dio.netty.maxDirectMemory: -1 bytes
[DEBUG] 2024-02-19 17:03:22,595 PlatformDependent.<clinit>() - -Dio.netty.uninitializedArrayAllocationThreshold: -1
[DEBUG] 2024-02-19 17:03:22,597 CleanerJava9.<clinit>() - java.nio.ByteBuffer.cleaner(): available
[DEBUG] 2024-02-19 17:03:22,597 PlatformDependent.<clinit>() - -Dio.netty.noPreferDirect: false
[DEBUG] 2024-02-19 17:03:22,611 PlatformDependent.<clinit>() - org.jctools-core.MpscChunkedArrayQueue: available
[DEBUG] 2024-02-19 17:03:22,658 InternalThreadLocalMap.<clinit>() - -Dio.netty.threadLocalMap.stringBuilder.initialSize: 1024
[DEBUG] 2024-02-19 17:03:22,659 InternalThreadLocalMap.<clinit>() - -Dio.netty.threadLocalMap.stringBuilder.maxSize: 4096
[DEBUG] 2024-02-19 17:03:22,833 security.log() - X509Certificate: Alg:{0}, Serial:{1}, Subject:{2}, Issuer:{3}, Key type:{4}, Length:{5,number,#}, Cert Id:{6,number,#}, Valid from:{7}, Valid until:{8}
[DEBUG] 2024-02-19 17:03:22,835 security.log() - X509Certificate: Alg:{0}, Serial:{1}, Subject:{2}, Issuer:{3}, Key type:{4}, Length:{5,number,#}, Cert Id:{6,number,#}, Valid from:{7}, Valid until:{8}
[DEBUG] 2024-02-19 17:03:22,836 security.log() - X509Certificate: Alg:{0}, Serial:{1}, Subject:{2}, Issuer:{3}, Key type:{4}, Length:{5,number,#}, Cert Id:{6,number,#}, Valid from:{7}, Valid until:{8}
[DEBUG] 2024-02-19 17:03:22,838 security.log() - X509Certificate: Alg:{0}, Serial:{1}, Subject:{2}, Issuer:{3}, Key type:{4}, Length:{5,number,#}, Cert Id:{6,number,#}, Valid from:{7}, Valid until:{8}
[DEBUG] 2024-02-19 17:03:22,839 security.log() - X509Certificate: Alg:{0}, Serial:{1}, Subject:{2}, Issuer:{3}, Key type:{4}, Length:{5,number,#}, Cert Id:{6,number,#}, Valid from:{7}, Valid until:{8}
[DEBUG] 2024-02-19 17:03:22,840 security.log() - X509Certificate: Alg:{0}, Serial:{1}, Subject:{2}, Issuer:{3}, Key type:{4}, Length:{5,number,#}, Cert Id:{6,number,#}, Valid from:{7}, Valid until:{8}
[DEBUG] 2024-02-19 17:03:22,843 security.log() - X509Certificate: Alg:{0}, Serial:{1}, Subject:{2}, Issuer:{3}, Key type:{4}, Length:{5,number,#}, Cert Id:{6,number,#}, Valid from:{7}, Valid until:{8}
[DEBUG] 2024-02-19 17:03:22,844 security.log() - X509Certificate: Alg:{0}, Serial:{1}, Subject:{2}, Issuer:{3}, Key type:{4}, Length:{5,number,#}, Cert Id:{6,number,#}, Valid from:{7}, Valid until:{8}
[DEBUG] 2024-02-19 17:03:22,846 security.log() - X509Certificate: Alg:{0}, Serial:{1}, Subject:{2}, Issuer:{3}, Key type:{4}, Length:{5,number,#}, Cert Id:{6,number,#}, Valid from:{7}, Valid until:{8}
[DEBUG] 2024-02-19 17:03:22,847 security.log() - X509Certificate: Alg:{0}, Serial:{1}, Subject:{2}, Issuer:{3}, Key type:{4}, Length:{5,number,#}, Cert Id:{6,number,#}, Valid from:{7}, Valid until:{8}
[DEBUG] 2024-02-19 17:03:22,850 security.log() - X509Certificate: Alg:{0}, Serial:{1}, Subject:{2}, Issuer:{3}, Key type:{4}, Length:{5,number,#}, Cert Id:{6,number,#}, Valid from:{7}, Valid until:{8}
[DEBUG] 2024-02-19 17:03:22,852 security.log() - X509Certificate: Alg:{0}, Serial:{1}, Subject:{2}, Issuer:{3}, Key type:{4}, Length:{5,number,#}, Cert Id:{6,number,#}, Valid from:{7}, Valid until:{8}
[DEBUG] 2024-02-19 17:03:22,854 security.log() - X509Certificate: Alg:{0}, Serial:{1}, Subject:{2}, Issuer:{3}, Key type:{4}, Length:{5,number,#}, Cert Id:{6,number,#}, Valid from:{7}, Valid until:{8}
[DEBUG] 2024-02-19 17:03:22,856 security.log() - X509Certificate: Alg:{0}, Serial:{1}, Subject:{2}, Issuer:{3}, Key type:{4}, Length:{5,number,#}, Cert Id:{6,number,#}, Valid from:{7}, Valid until:{8}
[DEBUG] 2024-02-19 17:03:22,859 security.log() - X509Certificate: Alg:{0}, Serial:{1}, Subject:{2}, Issuer:{3}, Key type:{4}, Length:{5,number,#}, Cert Id:{6,number,#}, Valid from:{7}, Valid until:{8}
[DEBUG] 2024-02-19 17:03:22,864 security.log() - X509Certificate: Alg:{0}, Serial:{1}, Subject:{2}, Issuer:{3}, Key type:{4}, Length:{5,number,#}, Cert Id:{6,number,#}, Valid from:{7}, Valid until:{8}
[DEBUG] 2024-02-19 17:03:22,868 security.log() - X509Certificate: Alg:{0}, Serial:{1}, Subject:{2}, Issuer:{3}, Key type:{4}, Length:{5,number,#}, Cert Id:{6,number,#}, Valid from:{7}, Valid until:{8}
[DEBUG] 2024-02-19 17:03:22,870 security.log() - X509Certificate: Alg:{0}, Serial:{1}, Subject:{2}, Issuer:{3}, Key type:{4}, Length:{5,number,#}, Cert Id:{6,number,#}, Valid from:{7}, Valid until:{8}
[DEBUG] 2024-02-19 17:03:22,872 security.log() - X509Certificate: Alg:{0}, Serial:{1}, Subject:{2}, Issuer:{3}, Key type:{4}, Length:{5,number,#}, Cert Id:{6,number,#}, Valid from:{7}, Valid until:{8}
[DEBUG] 2024-02-19 17:03:22,873 security.log() - X509Certificate: Alg:{0}, Serial:{1}, Subject:{2}, Issuer:{3}, Key type:{4}, Length:{5,number,#}, Cert Id:{6,number,#}, Valid from:{7}, Valid until:{8}
[DEBUG] 2024-02-19 17:03:22,874 security.log() - X509Certificate: Alg:{0}, Serial:{1}, Subject:{2}, Issuer:{3}, Key type:{4}, Length:{5,number,#}, Cert Id:{6,number,#}, Valid from:{7}, Valid until:{8}
[DEBUG] 2024-02-19 17:03:22,876 security.log() - X509Certificate: Alg:{0}, Serial:{1}, Subject:{2}, Issuer:{3}, Key type:{4}, Length:{5,number,#}, Cert Id:{6,number,#}, Valid from:{7}, Valid until:{8}
[DEBUG] 2024-02-19 17:03:22,878 security.log() - X509Certificate: Alg:{0}, Serial:{1}, Subject:{2}, Issuer:{3}, Key type:{4}, Length:{5,number,#}, Cert Id:{6,number,#}, Valid from:{7}, Valid until:{8}
[DEBUG] 2024-02-19 17:03:22,879 security.log() - X509Certificate: Alg:{0}, Serial:{1}, Subject:{2}, Issuer:{3}, Key type:{4}, Length:{5,number,#}, Cert Id:{6,number,#}, Valid from:{7}, Valid until:{8}
[DEBUG] 2024-02-19 17:03:22,880 security.log() - X509Certificate: Alg:{0}, Serial:{1}, Subject:{2}, Issuer:{3}, Key type:{4}, Length:{5,number,#}, Cert Id:{6,number,#}, Valid from:{7}, Valid until:{8}
[DEBUG] 2024-02-19 17:03:22,881 security.log() - X509Certificate: Alg:{0}, Serial:{1}, Subject:{2}, Issuer:{3}, Key type:{4}, Length:{5,number,#}, Cert Id:{6,number,#}, Valid from:{7}, Valid until:{8}
[DEBUG] 2024-02-19 17:03:22,884 security.log() - X509Certificate: Alg:{0}, Serial:{1}, Subject:{2}, Issuer:{3}, Key type:{4}, Length:{5,number,#}, Cert Id:{6,number,#}, Valid from:{7}, Valid until:{8}
[DEBUG] 2024-02-19 17:03:22,885 security.log() - X509Certificate: Alg:{0}, Serial:{1}, Subject:{2}, Issuer:{3}, Key type:{4}, Length:{5,number,#}, Cert Id:{6,number,#}, Valid from:{7}, Valid until:{8}
[DEBUG] 2024-02-19 17:03:22,887 security.log() - X509Certificate: Alg:{0}, Serial:{1}, Subject:{2}, Issuer:{3}, Key type:{4}, Length:{5,number,#}, Cert Id:{6,number,#}, Valid from:{7}, Valid until:{8}
[DEBUG] 2024-02-19 17:03:22,888 security.log() - X509Certificate: Alg:{0}, Serial:{1}, Subject:{2}, Issuer:{3}, Key type:{4}, Length:{5,number,#}, Cert Id:{6,number,#}, Valid from:{7}, Valid until:{8}
[DEBUG] 2024-02-19 17:03:22,889 security.log() - X509Certificate: Alg:{0}, Serial:{1}, Subject:{2}, Issuer:{3}, Key type:{4}, Length:{5,number,#}, Cert Id:{6,number,#}, Valid from:{7}, Valid until:{8}
[DEBUG] 2024-02-19 17:03:22,890 security.log() - X509Certificate: Alg:{0}, Serial:{1}, Subject:{2}, Issuer:{3}, Key type:{4}, Length:{5,number,#}, Cert Id:{6,number,#}, Valid from:{7}, Valid until:{8}
[DEBUG] 2024-02-19 17:03:22,891 security.log() - X509Certificate: Alg:{0}, Serial:{1}, Subject:{2}, Issuer:{3}, Key type:{4}, Length:{5,number,#}, Cert Id:{6,number,#}, Valid from:{7}, Valid until:{8}
[DEBUG] 2024-02-19 17:03:22,892 security.log() - X509Certificate: Alg:{0}, Serial:{1}, Subject:{2}, Issuer:{3}, Key type:{4}, Length:{5,number,#}, Cert Id:{6,number,#}, Valid from:{7}, Valid until:{8}
[DEBUG] 2024-02-19 17:03:22,894 security.log() - X509Certificate: Alg:{0}, Serial:{1}, Subject:{2}, Issuer:{3}, Key type:{4}, Length:{5,number,#}, Cert Id:{6,number,#}, Valid from:{7}, Valid until:{8}
[DEBUG] 2024-02-19 17:03:22,895 security.log() - X509Certificate: Alg:{0}, Serial:{1}, Subject:{2}, Issuer:{3}, Key type:{4}, Length:{5,number,#}, Cert Id:{6,number,#}, Valid from:{7}, Valid until:{8}
[DEBUG] 2024-02-19 17:03:22,897 security.log() - X509Certificate: Alg:{0}, Serial:{1}, Subject:{2}, Issuer:{3}, Key type:{4}, Length:{5,number,#}, Cert Id:{6,number,#}, Valid from:{7}, Valid until:{8}
[DEBUG] 2024-02-19 17:03:22,898 security.log() - X509Certificate: Alg:{0}, Serial:{1}, Subject:{2}, Issuer:{3}, Key type:{4}, Length:{5,number,#}, Cert Id:{6,number,#}, Valid from:{7}, Valid until:{8}
[DEBUG] 2024-02-19 17:03:22,900 security.log() - X509Certificate: Alg:{0}, Serial:{1}, Subject:{2}, Issuer:{3}, Key type:{4}, Length:{5,number,#}, Cert Id:{6,number,#}, Valid from:{7}, Valid until:{8}
[DEBUG] 2024-02-19 17:03:22,902 security.log() - X509Certificate: Alg:{0}, Serial:{1}, Subject:{2}, Issuer:{3}, Key type:{4}, Length:{5,number,#}, Cert Id:{6,number,#}, Valid from:{7}, Valid until:{8}
[DEBUG] 2024-02-19 17:03:22,903 security.log() - X509Certificate: Alg:{0}, Serial:{1}, Subject:{2}, Issuer:{3}, Key type:{4}, Length:{5,number,#}, Cert Id:{6,number,#}, Valid from:{7}, Valid until:{8}
[DEBUG] 2024-02-19 17:03:22,904 security.log() - X509Certificate: Alg:{0}, Serial:{1}, Subject:{2}, Issuer:{3}, Key type:{4}, Length:{5,number,#}, Cert Id:{6,number,#}, Valid from:{7}, Valid until:{8}
[DEBUG] 2024-02-19 17:03:22,905 security.log() - X509Certificate: Alg:{0}, Serial:{1}, Subject:{2}, Issuer:{3}, Key type:{4}, Length:{5,number,#}, Cert Id:{6,number,#}, Valid from:{7}, Valid until:{8}
[DEBUG] 2024-02-19 17:03:22,906 security.log() - X509Certificate: Alg:{0}, Serial:{1}, Subject:{2}, Issuer:{3}, Key type:{4}, Length:{5,number,#}, Cert Id:{6,number,#}, Valid from:{7}, Valid until:{8}
[DEBUG] 2024-02-19 17:03:22,907 security.log() - X509Certificate: Alg:{0}, Serial:{1}, Subject:{2}, Issuer:{3}, Key type:{4}, Length:{5,number,#}, Cert Id:{6,number,#}, Valid from:{7}, Valid until:{8}
[DEBUG] 2024-02-19 17:03:22,909 security.log() - X509Certificate: Alg:{0}, Serial:{1}, Subject:{2}, Issuer:{3}, Key type:{4}, Length:{5,number,#}, Cert Id:{6,number,#}, Valid from:{7}, Valid until:{8}
[DEBUG] 2024-02-19 17:03:22,911 security.log() - X509Certificate: Alg:{0}, Serial:{1}, Subject:{2}, Issuer:{3}, Key type:{4}, Length:{5,number,#}, Cert Id:{6,number,#}, Valid from:{7}, Valid until:{8}
[DEBUG] 2024-02-19 17:03:22,912 security.log() - X509Certificate: Alg:{0}, Serial:{1}, Subject:{2}, Issuer:{3}, Key type:{4}, Length:{5,number,#}, Cert Id:{6,number,#}, Valid from:{7}, Valid until:{8}
[DEBUG] 2024-02-19 17:03:22,914 security.log() - X509Certificate: Alg:{0}, Serial:{1}, Subject:{2}, Issuer:{3}, Key type:{4}, Length:{5,number,#}, Cert Id:{6,number,#}, Valid from:{7}, Valid until:{8}
[DEBUG] 2024-02-19 17:03:22,915 security.log() - X509Certificate: Alg:{0}, Serial:{1}, Subject:{2}, Issuer:{3}, Key type:{4}, Length:{5,number,#}, Cert Id:{6,number,#}, Valid from:{7}, Valid until:{8}
[DEBUG] 2024-02-19 17:03:22,918 security.log() - X509Certificate: Alg:{0}, Serial:{1}, Subject:{2}, Issuer:{3}, Key type:{4}, Length:{5,number,#}, Cert Id:{6,number,#}, Valid from:{7}, Valid until:{8}
[DEBUG] 2024-02-19 17:03:22,919 security.log() - X509Certificate: Alg:{0}, Serial:{1}, Subject:{2}, Issuer:{3}, Key type:{4}, Length:{5,number,#}, Cert Id:{6,number,#}, Valid from:{7}, Valid until:{8}
[DEBUG] 2024-02-19 17:03:22,920 security.log() - X509Certificate: Alg:{0}, Serial:{1}, Subject:{2}, Issuer:{3}, Key type:{4}, Length:{5,number,#}, Cert Id:{6,number,#}, Valid from:{7}, Valid until:{8}
[DEBUG] 2024-02-19 17:03:22,922 security.log() - X509Certificate: Alg:{0}, Serial:{1}, Subject:{2}, Issuer:{3}, Key type:{4}, Length:{5,number,#}, Cert Id:{6,number,#}, Valid from:{7}, Valid until:{8}
[DEBUG] 2024-02-19 17:03:22,923 security.log() - X509Certificate: Alg:{0}, Serial:{1}, Subject:{2}, Issuer:{3}, Key type:{4}, Length:{5,number,#}, Cert Id:{6,number,#}, Valid from:{7}, Valid until:{8}
[DEBUG] 2024-02-19 17:03:22,924 security.log() - X509Certificate: Alg:{0}, Serial:{1}, Subject:{2}, Issuer:{3}, Key type:{4}, Length:{5,number,#}, Cert Id:{6,number,#}, Valid from:{7}, Valid until:{8}
[DEBUG] 2024-02-19 17:03:22,925 security.log() - X509Certificate: Alg:{0}, Serial:{1}, Subject:{2}, Issuer:{3}, Key type:{4}, Length:{5,number,#}, Cert Id:{6,number,#}, Valid from:{7}, Valid until:{8}
[DEBUG] 2024-02-19 17:03:22,925 security.log() - X509Certificate: Alg:{0}, Serial:{1}, Subject:{2}, Issuer:{3}, Key type:{4}, Length:{5,number,#}, Cert Id:{6,number,#}, Valid from:{7}, Valid until:{8}
[DEBUG] 2024-02-19 17:03:22,926 security.log() - X509Certificate: Alg:{0}, Serial:{1}, Subject:{2}, Issuer:{3}, Key type:{4}, Length:{5,number,#}, Cert Id:{6,number,#}, Valid from:{7}, Valid until:{8}
[DEBUG] 2024-02-19 17:03:22,928 security.log() - X509Certificate: Alg:{0}, Serial:{1}, Subject:{2}, Issuer:{3}, Key type:{4}, Length:{5,number,#}, Cert Id:{6,number,#}, Valid from:{7}, Valid until:{8}
[DEBUG] 2024-02-19 17:03:22,929 security.log() - X509Certificate: Alg:{0}, Serial:{1}, Subject:{2}, Issuer:{3}, Key type:{4}, Length:{5,number,#}, Cert Id:{6,number,#}, Valid from:{7}, Valid until:{8}
[DEBUG] 2024-02-19 17:03:22,931 security.log() - X509Certificate: Alg:{0}, Serial:{1}, Subject:{2}, Issuer:{3}, Key type:{4}, Length:{5,number,#}, Cert Id:{6,number,#}, Valid from:{7}, Valid until:{8}
[DEBUG] 2024-02-19 17:03:22,933 security.log() - X509Certificate: Alg:{0}, Serial:{1}, Subject:{2}, Issuer:{3}, Key type:{4}, Length:{5,number,#}, Cert Id:{6,number,#}, Valid from:{7}, Valid until:{8}
[DEBUG] 2024-02-19 17:03:22,935 security.log() - X509Certificate: Alg:{0}, Serial:{1}, Subject:{2}, Issuer:{3}, Key type:{4}, Length:{5,number,#}, Cert Id:{6,number,#}, Valid from:{7}, Valid until:{8}
[DEBUG] 2024-02-19 17:03:22,936 security.log() - X509Certificate: Alg:{0}, Serial:{1}, Subject:{2}, Issuer:{3}, Key type:{4}, Length:{5,number,#}, Cert Id:{6,number,#}, Valid from:{7}, Valid until:{8}
[DEBUG] 2024-02-19 17:03:22,938 security.log() - X509Certificate: Alg:{0}, Serial:{1}, Subject:{2}, Issuer:{3}, Key type:{4}, Length:{5,number,#}, Cert Id:{6,number,#}, Valid from:{7}, Valid until:{8}
[DEBUG] 2024-02-19 17:03:22,939 security.log() - X509Certificate: Alg:{0}, Serial:{1}, Subject:{2}, Issuer:{3}, Key type:{4}, Length:{5,number,#}, Cert Id:{6,number,#}, Valid from:{7}, Valid until:{8}
[DEBUG] 2024-02-19 17:03:22,940 security.log() - X509Certificate: Alg:{0}, Serial:{1}, Subject:{2}, Issuer:{3}, Key type:{4}, Length:{5,number,#}, Cert Id:{6,number,#}, Valid from:{7}, Valid until:{8}
[DEBUG] 2024-02-19 17:03:22,941 security.log() - X509Certificate: Alg:{0}, Serial:{1}, Subject:{2}, Issuer:{3}, Key type:{4}, Length:{5,number,#}, Cert Id:{6,number,#}, Valid from:{7}, Valid until:{8}
[DEBUG] 2024-02-19 17:03:22,942 security.log() - X509Certificate: Alg:{0}, Serial:{1}, Subject:{2}, Issuer:{3}, Key type:{4}, Length:{5,number,#}, Cert Id:{6,number,#}, Valid from:{7}, Valid until:{8}
[DEBUG] 2024-02-19 17:03:22,944 security.log() - X509Certificate: Alg:{0}, Serial:{1}, Subject:{2}, Issuer:{3}, Key type:{4}, Length:{5,number,#}, Cert Id:{6,number,#}, Valid from:{7}, Valid until:{8}
[DEBUG] 2024-02-19 17:03:22,945 security.log() - X509Certificate: Alg:{0}, Serial:{1}, Subject:{2}, Issuer:{3}, Key type:{4}, Length:{5,number,#}, Cert Id:{6,number,#}, Valid from:{7}, Valid until:{8}
[DEBUG] 2024-02-19 17:03:22,946 security.log() - X509Certificate: Alg:{0}, Serial:{1}, Subject:{2}, Issuer:{3}, Key type:{4}, Length:{5,number,#}, Cert Id:{6,number,#}, Valid from:{7}, Valid until:{8}
[DEBUG] 2024-02-19 17:03:22,948 security.log() - X509Certificate: Alg:{0}, Serial:{1}, Subject:{2}, Issuer:{3}, Key type:{4}, Length:{5,number,#}, Cert Id:{6,number,#}, Valid from:{7}, Valid until:{8}
[DEBUG] 2024-02-19 17:03:22,950 security.log() - X509Certificate: Alg:{0}, Serial:{1}, Subject:{2}, Issuer:{3}, Key type:{4}, Length:{5,number,#}, Cert Id:{6,number,#}, Valid from:{7}, Valid until:{8}
[DEBUG] 2024-02-19 17:03:22,951 security.log() - X509Certificate: Alg:{0}, Serial:{1}, Subject:{2}, Issuer:{3}, Key type:{4}, Length:{5,number,#}, Cert Id:{6,number,#}, Valid from:{7}, Valid until:{8}
[DEBUG] 2024-02-19 17:03:22,951 security.log() - X509Certificate: Alg:{0}, Serial:{1}, Subject:{2}, Issuer:{3}, Key type:{4}, Length:{5,number,#}, Cert Id:{6,number,#}, Valid from:{7}, Valid until:{8}
[DEBUG] 2024-02-19 17:03:22,952 security.log() - X509Certificate: Alg:{0}, Serial:{1}, Subject:{2}, Issuer:{3}, Key type:{4}, Length:{5,number,#}, Cert Id:{6,number,#}, Valid from:{7}, Valid until:{8}
[DEBUG] 2024-02-19 17:03:22,953 security.log() - X509Certificate: Alg:{0}, Serial:{1}, Subject:{2}, Issuer:{3}, Key type:{4}, Length:{5,number,#}, Cert Id:{6,number,#}, Valid from:{7}, Valid until:{8}
[DEBUG] 2024-02-19 17:03:22,954 security.log() - X509Certificate: Alg:{0}, Serial:{1}, Subject:{2}, Issuer:{3}, Key type:{4}, Length:{5,number,#}, Cert Id:{6,number,#}, Valid from:{7}, Valid until:{8}
[DEBUG] 2024-02-19 17:03:22,955 security.log() - X509Certificate: Alg:{0}, Serial:{1}, Subject:{2}, Issuer:{3}, Key type:{4}, Length:{5,number,#}, Cert Id:{6,number,#}, Valid from:{7}, Valid until:{8}
[DEBUG] 2024-02-19 17:03:22,956 security.log() - X509Certificate: Alg:{0}, Serial:{1}, Subject:{2}, Issuer:{3}, Key type:{4}, Length:{5,number,#}, Cert Id:{6,number,#}, Valid from:{7}, Valid until:{8}
[DEBUG] 2024-02-19 17:03:22,956 security.log() - X509Certificate: Alg:{0}, Serial:{1}, Subject:{2}, Issuer:{3}, Key type:{4}, Length:{5,number,#}, Cert Id:{6,number,#}, Valid from:{7}, Valid until:{8}
[DEBUG] 2024-02-19 17:03:22,957 security.log() - X509Certificate: Alg:{0}, Serial:{1}, Subject:{2}, Issuer:{3}, Key type:{4}, Length:{5,number,#}, Cert Id:{6,number,#}, Valid from:{7}, Valid until:{8}
[DEBUG] 2024-02-19 17:03:22,958 security.log() - X509Certificate: Alg:{0}, Serial:{1}, Subject:{2}, Issuer:{3}, Key type:{4}, Length:{5,number,#}, Cert Id:{6,number,#}, Valid from:{7}, Valid until:{8}
[DEBUG] 2024-02-19 17:03:22,959 security.log() - X509Certificate: Alg:{0}, Serial:{1}, Subject:{2}, Issuer:{3}, Key type:{4}, Length:{5,number,#}, Cert Id:{6,number,#}, Valid from:{7}, Valid until:{8}
[DEBUG] 2024-02-19 17:03:22,960 security.log() - X509Certificate: Alg:{0}, Serial:{1}, Subject:{2}, Issuer:{3}, Key type:{4}, Length:{5,number,#}, Cert Id:{6,number,#}, Valid from:{7}, Valid until:{8}
[DEBUG] 2024-02-19 17:03:22,961 security.log() - X509Certificate: Alg:{0}, Serial:{1}, Subject:{2}, Issuer:{3}, Key type:{4}, Length:{5,number,#}, Cert Id:{6,number,#}, Valid from:{7}, Valid until:{8}
[DEBUG] 2024-02-19 17:03:22,962 security.log() - X509Certificate: Alg:{0}, Serial:{1}, Subject:{2}, Issuer:{3}, Key type:{4}, Length:{5,number,#}, Cert Id:{6,number,#}, Valid from:{7}, Valid until:{8}
[DEBUG] 2024-02-19 17:03:22,963 security.log() - X509Certificate: Alg:{0}, Serial:{1}, Subject:{2}, Issuer:{3}, Key type:{4}, Length:{5,number,#}, Cert Id:{6,number,#}, Valid from:{7}, Valid until:{8}
[DEBUG] 2024-02-19 17:03:22,964 security.log() - X509Certificate: Alg:{0}, Serial:{1}, Subject:{2}, Issuer:{3}, Key type:{4}, Length:{5,number,#}, Cert Id:{6,number,#}, Valid from:{7}, Valid until:{8}
[DEBUG] 2024-02-19 17:03:22,966 security.log() - X509Certificate: Alg:{0}, Serial:{1}, Subject:{2}, Issuer:{3}, Key type:{4}, Length:{5,number,#}, Cert Id:{6,number,#}, Valid from:{7}, Valid until:{8}
[DEBUG] 2024-02-19 17:03:22,967 security.log() - X509Certificate: Alg:{0}, Serial:{1}, Subject:{2}, Issuer:{3}, Key type:{4}, Length:{5,number,#}, Cert Id:{6,number,#}, Valid from:{7}, Valid until:{8}
[DEBUG] 2024-02-19 17:03:22,968 security.log() - X509Certificate: Alg:{0}, Serial:{1}, Subject:{2}, Issuer:{3}, Key type:{4}, Length:{5,number,#}, Cert Id:{6,number,#}, Valid from:{7}, Valid until:{8}
[DEBUG] 2024-02-19 17:03:22,969 security.log() - X509Certificate: Alg:{0}, Serial:{1}, Subject:{2}, Issuer:{3}, Key type:{4}, Length:{5,number,#}, Cert Id:{6,number,#}, Valid from:{7}, Valid until:{8}
[DEBUG] 2024-02-19 17:03:22,969 security.log() - X509Certificate: Alg:{0}, Serial:{1}, Subject:{2}, Issuer:{3}, Key type:{4}, Length:{5,number,#}, Cert Id:{6,number,#}, Valid from:{7}, Valid until:{8}
[DEBUG] 2024-02-19 17:03:22,970 security.log() - X509Certificate: Alg:{0}, Serial:{1}, Subject:{2}, Issuer:{3}, Key type:{4}, Length:{5,number,#}, Cert Id:{6,number,#}, Valid from:{7}, Valid until:{8}
[DEBUG] 2024-02-19 17:03:23,027 JdkSslContext.<clinit>() - Default protocols (JDK): [TLSv1.3, TLSv1.2] 
[DEBUG] 2024-02-19 17:03:23,027 JdkSslContext.<clinit>() - Default cipher suites (JDK): [TLS_ECDHE_ECDSA_WITH_AES_256_GCM_SHA384, TLS_ECDHE_ECDSA_WITH_AES_128_GCM_SHA256, TLS_ECDHE_RSA_WITH_AES_128_GCM_SHA256, TLS_ECDHE_RSA_WITH_AES_256_GCM_SHA384, TLS_ECDHE_RSA_WITH_AES_128_CBC_SHA, TLS_ECDHE_RSA_WITH_AES_256_CBC_SHA, TLS_RSA_WITH_AES_128_GCM_SHA256, TLS_RSA_WITH_AES_128_CBC_SHA, TLS_RSA_WITH_AES_256_CBC_SHA, TLS_AES_128_GCM_SHA256, TLS_AES_256_GCM_SHA384]
[DEBUG] 2024-02-19 17:03:23,064 MultithreadEventLoopGroup.<clinit>() - -Dio.netty.eventLoopThreads: 8
[DEBUG] 2024-02-19 17:03:23,077 NioEventLoop.<clinit>() - -Dio.netty.noKeySetOptimization: false
[DEBUG] 2024-02-19 17:03:23,078 NioEventLoop.<clinit>() - -Dio.netty.selectorAutoRebuildThreshold: 512
[DEBUG] 2024-02-19 17:03:23,145 PooledByteBufAllocator.<clinit>() - -Dio.netty.allocator.numHeapArenas: 8
[DEBUG] 2024-02-19 17:03:23,146 PooledByteBufAllocator.<clinit>() - -Dio.netty.allocator.numDirectArenas: 8
[DEBUG] 2024-02-19 17:03:23,146 PooledByteBufAllocator.<clinit>() - -Dio.netty.allocator.pageSize: 8192
[DEBUG] 2024-02-19 17:03:23,147 PooledByteBufAllocator.<clinit>() - -Dio.netty.allocator.maxOrder: 9
[DEBUG] 2024-02-19 17:03:23,149 PooledByteBufAllocator.<clinit>() - -Dio.netty.allocator.chunkSize: 4194304
[DEBUG] 2024-02-19 17:03:23,150 PooledByteBufAllocator.<clinit>() - -Dio.netty.allocator.smallCacheSize: 256
[DEBUG] 2024-02-19 17:03:23,150 PooledByteBufAllocator.<clinit>() - -Dio.netty.allocator.normalCacheSize: 64
[DEBUG] 2024-02-19 17:03:23,151 PooledByteBufAllocator.<clinit>() - -Dio.netty.allocator.maxCachedBufferCapacity: 32768
[DEBUG] 2024-02-19 17:03:23,151 PooledByteBufAllocator.<clinit>() - -Dio.netty.allocator.cacheTrimInterval: 8192
[DEBUG] 2024-02-19 17:03:23,151 PooledByteBufAllocator.<clinit>() - -Dio.netty.allocator.cacheTrimIntervalMillis: 0
[DEBUG] 2024-02-19 17:03:23,151 PooledByteBufAllocator.<clinit>() - -Dio.netty.allocator.useCacheForAllThreads: false
[DEBUG] 2024-02-19 17:03:23,152 PooledByteBufAllocator.<clinit>() - -Dio.netty.allocator.maxCachedByteBuffersPerChunk: 1023
[DEBUG] 2024-02-19 17:03:23,175 ByteBufUtil.<clinit>() - -Dio.netty.allocator.type: pooled
[DEBUG] 2024-02-19 17:03:23,176 ByteBufUtil.<clinit>() - -Dio.netty.threadLocalDirectBufferSize: 0
[DEBUG] 2024-02-19 17:03:23,176 ByteBufUtil.<clinit>() - -Dio.netty.maxThreadLocalCharBufferSize: 16384
[DEBUG] 2024-02-19 17:03:23,355 HttpURLConnection.log() - sun.net.www.MessageHeader@229430ba5 pairs: {GET /status HTTP/1.1: null}{User-Agent: Java/17.0.9}{Host: localhost:13257}{Accept: text/html, image/gif, image/jpeg, *; q=.2, */*; q=.2}{Connection: keep-alive}
[DEBUG] 2024-02-19 17:03:23,359 HttpURLConnection.log() - sun.net.www.MessageHeader@32af18884 pairs: {null: HTTP/1.1 200 OK}{Content-Length: 250}{Content-Type: application/json; charset=utf-8}{cache-control: no-cache}
[DEBUG] 2024-02-19 17:03:23,635 DefaultChannelId.<clinit>() - -Dio.netty.processId: 11252 (auto-detected)
[DEBUG] 2024-02-19 17:03:23,638 NetUtil.<clinit>() - -Djava.net.preferIPv4Stack: false
[DEBUG] 2024-02-19 17:03:23,638 NetUtil.<clinit>() - -Djava.net.preferIPv6Addresses: false
[DEBUG] 2024-02-19 17:03:23,652 NetUtilInitializations.determineLoopback() - Loopback interface: lo (Software Loopback Interface 1, 127.0.0.1)
[DEBUG] 2024-02-19 17:03:23,654 NetUtil.run() - Failed to get SOMAXCONN from sysctl and file \proc\sys\net\core\somaxconn. Default: 200
[DEBUG] 2024-02-19 17:03:23,690 DefaultChannelId.<clinit>() - -Dio.netty.machineId: 90:61:ae:ff:fe:79:6a:a8 (auto-detected)
[DEBUG] 2024-02-19 17:03:23,766 AbstractByteBuf.<clinit>() - -Dio.netty.buffer.checkAccessible: true
[DEBUG] 2024-02-19 17:03:23,767 AbstractByteBuf.<clinit>() - -Dio.netty.buffer.checkBounds: true
[DEBUG] 2024-02-19 17:03:23,767 ResourceLeakDetectorFactory.newResourceLeakDetector() - Loaded default ResourceLeakDetector: io.netty.util.ResourceLeakDetector@3ae12725
[DEBUG] 2024-02-19 17:03:23,794 Recycler.<clinit>() - -Dio.netty.recycler.maxCapacityPerThread: 4096
[DEBUG] 2024-02-19 17:03:23,795 Recycler.<clinit>() - -Dio.netty.recycler.ratio: 8
[DEBUG] 2024-02-19 17:03:23,795 Recycler.<clinit>() - -Dio.netty.recycler.chunkSize: 32
[DEBUG] 2024-02-19 17:03:23,795 Recycler.<clinit>() - -Dio.netty.recycler.blocking: false
[DEBUG] 2024-02-19 17:03:25,589 Brotli.<clinit>() - brotli4j not in the classpath; Brotli support will be unavailable.
[DEBUG] 2024-02-19 17:03:25,773 ThreadLocalRandom.newSeed() - -Dio.netty.initialSeedUniquifier: 0x63fd3a98aa48aef1
]]></system-out>
    <system-err><![CDATA[SLF4J: Failed to load class "org.slf4j.impl.StaticLoggerBinder".
SLF4J: Defaulting to no-operation (NOP) logger implementation
SLF4J: See http://www.slf4j.org/codes.html#StaticLoggerBinder for further details.
Starting ChromeDriver 120.0.6099.109 (3419140ab665596f21b385ce136419fde0924272-refs/branch-heads/6099@{#1483}) on port 13257
Only local connections are allowed.
Please see https://chromedriver.chromium.org/security-considerations for suggestions on keeping ChromeDriver safe.
ChromeDriver was started successfully.
[1708342404.495][WARNING]: This version of ChromeDriver has not been tested with Chrome version 121.
Feb 19, 2024 5:03:25 PM org.openqa.selenium.devtools.CdpVersionFinder findNearestMatch
WARNING: Unable to find CDP implementation matching 121
Feb 19, 2024 5:03:25 PM org.openqa.selenium.chromium.ChromiumDriver lambda$new$3
WARNING: Unable to find version of CDP to use for . You may need to include a dependency on a specific version of the CDP using something similar to `org.seleniumhq.selenium:selenium-devtools-v86:4.8.0` where the version ("v86") matches the version of the chromium-based browser you're using and the version number of the artifact is the same as Selenium's.
]]></system-err>
  </testcase>
  <testcase name="bankingPageLogoTest" classname="com.qa.banking.TestCases.LoginPageTest" time="3.34">
    <system-out><![CDATA[[DEBUG] 2024-02-19 17:03:30,124 HttpURLConnection.log() - sun.net.www.MessageHeader@ba32c105 pairs: {GET /shutdown HTTP/1.1: null}{User-Agent: Java/17.0.9}{Host: localhost:13257}{Accept: text/html, image/gif, image/jpeg, *; q=.2, */*; q=.2}{Connection: keep-alive}
[DEBUG] 2024-02-19 17:03:30,191 HttpURLConnection.log() - sun.net.www.MessageHeader@41117df33 pairs: {null: HTTP/1.1 200 OK}{Content-Length: 40}{Content-Type: application/json; charset=utf-8}
[DEBUG] 2024-02-19 17:03:30,366 HttpURLConnection.log() - sun.net.www.MessageHeader@487fe5565 pairs: {GET /status HTTP/1.1: null}{User-Agent: Java/17.0.9}{Host: localhost:22784}{Accept: text/html, image/gif, image/jpeg, *; q=.2, */*; q=.2}{Connection: keep-alive}
[DEBUG] 2024-02-19 17:03:30,368 HttpURLConnection.log() - sun.net.www.MessageHeader@63f4b29e4 pairs: {null: HTTP/1.1 200 OK}{Content-Length: 250}{Content-Type: application/json; charset=utf-8}{cache-control: no-cache}
Trying to find Element By : By.xpath: //img[@title='ParaBank']
Found Element By : By.xpath: //img[@title='ParaBank']
]]></system-out>
    <system-err><![CDATA[Starting ChromeDriver 120.0.6099.109 (3419140ab665596f21b385ce136419fde0924272-refs/branch-heads/6099@{#1483}) on port 22784
Only local connections are allowed.
Please see https://chromedriver.chromium.org/security-considerations for suggestions on keeping ChromeDriver safe.
ChromeDriver was started successfully.
[1708342411.025][WARNING]: This version of ChromeDriver has not been tested with Chrome version 121.
Feb 19, 2024 5:03:31 PM org.openqa.selenium.devtools.CdpVersionFinder findNearestMatch
WARNING: Unable to find CDP implementation matching 121
Feb 19, 2024 5:03:31 PM org.openqa.selenium.chromium.ChromiumDriver lambda$new$3
WARNING: Unable to find version of CDP to use for . You may need to include a dependency on a specific version of the CDP using something similar to `org.seleniumhq.selenium:selenium-devtools-v86:4.8.0` where the version ("v86") matches the version of the chromium-based browser you're using and the version number of the artifact is the same as Selenium's.
]]></system-err>
  </testcase>
  <testcase name="loginTest[Test@123, Amar@123](1)" classname="com.qa.banking.TestCases.LoginPageTest" time="0.972">
    <system-out><![CDATA[[DEBUG] 2024-02-19 17:03:36,214 HttpURLConnection.log() - sun.net.www.MessageHeader@71a5d15c5 pairs: {GET /shutdown HTTP/1.1: null}{User-Agent: Java/17.0.9}{Host: localhost:22784}{Accept: text/html, image/gif, image/jpeg, *; q=.2, */*; q=.2}{Connection: keep-alive}
[DEBUG] 2024-02-19 17:03:36,264 HttpURLConnection.log() - sun.net.www.MessageHeader@3b91d47e3 pairs: {null: HTTP/1.1 200 OK}{Content-Length: 40}{Content-Type: application/json; charset=utf-8}
[DEBUG] 2024-02-19 17:03:37,119 HttpURLConnection.log() - sun.net.www.MessageHeader@c73d30f5 pairs: {GET /status HTTP/1.1: null}{User-Agent: Java/17.0.9}{Host: localhost:18552}{Accept: text/html, image/gif, image/jpeg, *; q=.2, */*; q=.2}{Connection: keep-alive}
[DEBUG] 2024-02-19 17:03:37,121 HttpURLConnection.log() - sun.net.www.MessageHeader@4ad5e05d4 pairs: {null: HTTP/1.1 200 OK}{Content-Length: 250}{Content-Type: application/json; charset=utf-8}{cache-control: no-cache}
Trying to find Element By : By.name: username
Found Element By : By.name: username
Trying to find Element By : By.name: password
Found Element By : By.name: password
Trying to find Element By : By.xpath: //input[@value='Log In']
Found Element By : By.xpath: //input[@value='Log In']
Trying to click on: [[ChromeDriver: chrome on WINDOWS (45671ab158ddfc4c72641a29bfdc9cc8)] -> xpath: //input[@value='Log In']]
Clicked on: [[ChromeDriver: chrome on WINDOWS (45671ab158ddfc4c72641a29bfdc9cc8)] -> xpath: //input[@value='Log In']]
]]></system-out>
    <system-err><![CDATA[Starting ChromeDriver 120.0.6099.109 (3419140ab665596f21b385ce136419fde0924272-refs/branch-heads/6099@{#1483}) on port 18552
Only local connections are allowed.
Please see https://chromedriver.chromium.org/security-considerations for suggestions on keeping ChromeDriver safe.
ChromeDriver was started successfully.
[1708342417.847][WARNING]: This version of ChromeDriver has not been tested with Chrome version 121.
Feb 19, 2024 5:03:38 PM org.openqa.selenium.devtools.CdpVersionFinder findNearestMatch
WARNING: Unable to find CDP implementation matching 121
Feb 19, 2024 5:03:38 PM org.openqa.selenium.chromium.ChromiumDriver lambda$new$3
WARNING: Unable to find version of CDP to use for . You may need to include a dependency on a specific version of the CDP using something similar to `org.seleniumhq.selenium:selenium-devtools-v86:4.8.0` where the version ("v86") matches the version of the chromium-based browser you're using and the version number of the artifact is the same as Selenium's.
]]></system-err>
  </testcase>
  <testcase name="loginTest[Test@156, Test@123](2)" classname="com.qa.banking.TestCases.LoginPageTest" time="1.072">
    <system-out><![CDATA[[DEBUG] 2024-02-19 17:03:42,261 HttpURLConnection.log() - sun.net.www.MessageHeader@1525f76a5 pairs: {GET /shutdown HTTP/1.1: null}{User-Agent: Java/17.0.9}{Host: localhost:18552}{Accept: text/html, image/gif, image/jpeg, *; q=.2, */*; q=.2}{Connection: keep-alive}
[DEBUG] 2024-02-19 17:03:42,317 HttpURLConnection.log() - sun.net.www.MessageHeader@20a2f3943 pairs: {null: HTTP/1.1 200 OK}{Content-Length: 40}{Content-Type: application/json; charset=utf-8}
[DEBUG] 2024-02-19 17:03:42,421 HttpURLConnection.log() - sun.net.www.MessageHeader@325bb7245 pairs: {GET /status HTTP/1.1: null}{User-Agent: Java/17.0.9}{Host: localhost:25871}{Accept: text/html, image/gif, image/jpeg, *; q=.2, */*; q=.2}{Connection: keep-alive}
[DEBUG] 2024-02-19 17:03:42,422 HttpURLConnection.log() - sun.net.www.MessageHeader@57696e3a4 pairs: {null: HTTP/1.1 200 OK}{Content-Length: 250}{Content-Type: application/json; charset=utf-8}{cache-control: no-cache}
Trying to find Element By : By.name: username
Found Element By : By.name: username
Trying to find Element By : By.name: password
Found Element By : By.name: password
Trying to find Element By : By.xpath: //input[@value='Log In']
Found Element By : By.xpath: //input[@value='Log In']
Trying to click on: [[ChromeDriver: chrome on WINDOWS (9aac64a449a0f6f7f6dcd60240925204)] -> xpath: //input[@value='Log In']]
Clicked on: [[ChromeDriver: chrome on WINDOWS (9aac64a449a0f6f7f6dcd60240925204)] -> xpath: //input[@value='Log In']]
]]></system-out>
    <system-err><![CDATA[Starting ChromeDriver 120.0.6099.109 (3419140ab665596f21b385ce136419fde0924272-refs/branch-heads/6099@{#1483}) on port 25871
Only local connections are allowed.
Please see https://chromedriver.chromium.org/security-considerations for suggestions on keeping ChromeDriver safe.
ChromeDriver was started successfully.
[1708342423.090][WARNING]: This version of ChromeDriver has not been tested with Chrome version 121.
Feb 19, 2024 5:03:43 PM org.openqa.selenium.devtools.CdpVersionFinder findNearestMatch
WARNING: Unable to find CDP implementation matching 121
Feb 19, 2024 5:03:43 PM org.openqa.selenium.chromium.ChromiumDriver lambda$new$3
WARNING: Unable to find version of CDP to use for . You may need to include a dependency on a specific version of the CDP using something similar to `org.seleniumhq.selenium:selenium-devtools-v86:4.8.0` where the version ("v86") matches the version of the chromium-based browser you're using and the version number of the artifact is the same as Selenium's.
]]></system-err>
  </testcase>
  <testcase name="newuserregistration" classname="com.qa.banking.TestCases.RegisterPageTest" time="4.353">
    <system-out><![CDATA[[DEBUG] 2024-02-19 17:03:48,654 HttpURLConnection.log() - sun.net.www.MessageHeader@6d4d4d1a5 pairs: {GET /shutdown HTTP/1.1: null}{User-Agent: Java/17.0.9}{Host: localhost:25871}{Accept: text/html, image/gif, image/jpeg, *; q=.2, */*; q=.2}{Connection: keep-alive}
[DEBUG] 2024-02-19 17:03:48,714 HttpURLConnection.log() - sun.net.www.MessageHeader@5a442d743 pairs: {null: HTTP/1.1 200 OK}{Content-Length: 40}{Content-Type: application/json; charset=utf-8}
[DEBUG] 2024-02-19 17:03:48,855 HttpURLConnection.log() - sun.net.www.MessageHeader@3549538f5 pairs: {GET /status HTTP/1.1: null}{User-Agent: Java/17.0.9}{Host: localhost:32041}{Accept: text/html, image/gif, image/jpeg, *; q=.2, */*; q=.2}{Connection: keep-alive}
[DEBUG] 2024-02-19 17:03:48,856 HttpURLConnection.log() - sun.net.www.MessageHeader@29cde3a24 pairs: {null: HTTP/1.1 200 OK}{Content-Length: 250}{Content-Type: application/json; charset=utf-8}{cache-control: no-cache}
Trying to find Element By : By.xpath: //a[text()='Register']
Found Element By : By.xpath: //a[text()='Register']
Trying to click on: [[ChromeDriver: chrome on WINDOWS (f98e852db6e25f4891880fcbc74dae96)] -> xpath: //a[text()='Register']]
Clicked on: [[ChromeDriver: chrome on WINDOWS (f98e852db6e25f4891880fcbc74dae96)] -> xpath: //a[text()='Register']]
Trying to find Element By : By.xpath: //input[@id='customer.firstName']
Found Element By : By.xpath: //input[@id='customer.firstName']
Trying to find Element By : By.xpath: //input[@id='customer.lastName']
Found Element By : By.xpath: //input[@id='customer.lastName']
Trying to find Element By : By.xpath: //input[@id='customer.address.street']
Found Element By : By.xpath: //input[@id='customer.address.street']
Trying to find Element By : By.xpath: //input[@id='customer.phoneNumber']
Found Element By : By.xpath: //input[@id='customer.phoneNumber']
Trying to find Element By : By.xpath: //input[@id='customer.address.city']
Found Element By : By.xpath: //input[@id='customer.address.city']
Trying to find Element By : By.xpath: //input[@id='customer.address.zipCode']
Found Element By : By.xpath: //input[@id='customer.address.zipCode']
Trying to find Element By : By.xpath: //input[@id='customer.ssn']
Found Element By : By.xpath: //input[@id='customer.ssn']
Trying to find Element By : By.xpath: //input[@id='customer.address.state']
Found Element By : By.xpath: //input[@id='customer.address.state']
Trying to find Element By : By.xpath: //input[@id='customer.username']
Found Element By : By.xpath: //input[@id='customer.username']
Trying to find Element By : By.xpath: //input[@id='customer.password']
Found Element By : By.xpath: //input[@id='customer.password']
Trying to find Element By : By.xpath: //input[@id='repeatedPassword']
Found Element By : By.xpath: //input[@id='repeatedPassword']
Trying to find Element By : By.xpath: //input[@type='submit']
Found Element By : By.xpath: //input[@type='submit']
Trying to click on: [[ChromeDriver: chrome on WINDOWS (f98e852db6e25f4891880fcbc74dae96)] -> xpath: //input[@type='submit']]
Clicked on: [[ChromeDriver: chrome on WINDOWS (f98e852db6e25f4891880fcbc74dae96)] -> xpath: //input[@type='submit']]
]]></system-out>
    <system-err><![CDATA[Starting ChromeDriver 120.0.6099.109 (3419140ab665596f21b385ce136419fde0924272-refs/branch-heads/6099@{#1483}) on port 32041
Only local connections are allowed.
Please see https://chromedriver.chromium.org/security-considerations for suggestions on keeping ChromeDriver safe.
ChromeDriver was started successfully.
[1708342429.538][WARNING]: This version of ChromeDriver has not been tested with Chrome version 121.
Feb 19, 2024 5:03:49 PM org.openqa.selenium.devtools.CdpVersionFinder findNearestMatch
WARNING: Unable to find CDP implementation matching 121
Feb 19, 2024 5:03:49 PM org.openqa.selenium.chromium.ChromiumDriver lambda$new$3
WARNING: Unable to find version of CDP to use for . You may need to include a dependency on a specific version of the CDP using something similar to `org.seleniumhq.selenium:selenium-devtools-v86:4.8.0` where the version ("v86") matches the version of the chromium-based browser you're using and the version number of the artifact is the same as Selenium's.
]]></system-err>
  </testcase>
  <testcase name="testGetRequest" classname="com.qa.banking.TestCases.APITest" time="4.109">
    <system-out><![CDATA[[DEBUG] 2024-02-19 17:04:00,574 security.log() - X509Certificate: Alg:{0}, Serial:{1}, Subject:{2}, Issuer:{3}, Key type:{4}, Length:{5,number,#}, Cert Id:{6,number,#}, Valid from:{7}, Valid until:{8}
[DEBUG] 2024-02-19 17:04:00,575 security.log() - X509Certificate: Alg:{0}, Serial:{1}, Subject:{2}, Issuer:{3}, Key type:{4}, Length:{5,number,#}, Cert Id:{6,number,#}, Valid from:{7}, Valid until:{8}
[DEBUG] 2024-02-19 17:04:00,575 security.log() - X509Certificate: Alg:{0}, Serial:{1}, Subject:{2}, Issuer:{3}, Key type:{4}, Length:{5,number,#}, Cert Id:{6,number,#}, Valid from:{7}, Valid until:{8}
[DEBUG] 2024-02-19 17:04:00,576 security.log() - X509Certificate: Alg:{0}, Serial:{1}, Subject:{2}, Issuer:{3}, Key type:{4}, Length:{5,number,#}, Cert Id:{6,number,#}, Valid from:{7}, Valid until:{8}
[DEBUG] 2024-02-19 17:04:00,576 security.log() - X509Certificate: Alg:{0}, Serial:{1}, Subject:{2}, Issuer:{3}, Key type:{4}, Length:{5,number,#}, Cert Id:{6,number,#}, Valid from:{7}, Valid until:{8}
[DEBUG] 2024-02-19 17:04:00,576 security.log() - X509Certificate: Alg:{0}, Serial:{1}, Subject:{2}, Issuer:{3}, Key type:{4}, Length:{5,number,#}, Cert Id:{6,number,#}, Valid from:{7}, Valid until:{8}
[DEBUG] 2024-02-19 17:04:00,577 security.log() - X509Certificate: Alg:{0}, Serial:{1}, Subject:{2}, Issuer:{3}, Key type:{4}, Length:{5,number,#}, Cert Id:{6,number,#}, Valid from:{7}, Valid until:{8}
[DEBUG] 2024-02-19 17:04:00,577 security.log() - X509Certificate: Alg:{0}, Serial:{1}, Subject:{2}, Issuer:{3}, Key type:{4}, Length:{5,number,#}, Cert Id:{6,number,#}, Valid from:{7}, Valid until:{8}
[DEBUG] 2024-02-19 17:04:00,578 security.log() - X509Certificate: Alg:{0}, Serial:{1}, Subject:{2}, Issuer:{3}, Key type:{4}, Length:{5,number,#}, Cert Id:{6,number,#}, Valid from:{7}, Valid until:{8}
[DEBUG] 2024-02-19 17:04:00,578 security.log() - X509Certificate: Alg:{0}, Serial:{1}, Subject:{2}, Issuer:{3}, Key type:{4}, Length:{5,number,#}, Cert Id:{6,number,#}, Valid from:{7}, Valid until:{8}
[DEBUG] 2024-02-19 17:04:00,578 security.log() - X509Certificate: Alg:{0}, Serial:{1}, Subject:{2}, Issuer:{3}, Key type:{4}, Length:{5,number,#}, Cert Id:{6,number,#}, Valid from:{7}, Valid until:{8}
[DEBUG] 2024-02-19 17:04:00,579 security.log() - X509Certificate: Alg:{0}, Serial:{1}, Subject:{2}, Issuer:{3}, Key type:{4}, Length:{5,number,#}, Cert Id:{6,number,#}, Valid from:{7}, Valid until:{8}
[DEBUG] 2024-02-19 17:04:00,579 security.log() - X509Certificate: Alg:{0}, Serial:{1}, Subject:{2}, Issuer:{3}, Key type:{4}, Length:{5,number,#}, Cert Id:{6,number,#}, Valid from:{7}, Valid until:{8}
[DEBUG] 2024-02-19 17:04:00,579 security.log() - X509Certificate: Alg:{0}, Serial:{1}, Subject:{2}, Issuer:{3}, Key type:{4}, Length:{5,number,#}, Cert Id:{6,number,#}, Valid from:{7}, Valid until:{8}
[DEBUG] 2024-02-19 17:04:00,580 security.log() - X509Certificate: Alg:{0}, Serial:{1}, Subject:{2}, Issuer:{3}, Key type:{4}, Length:{5,number,#}, Cert Id:{6,number,#}, Valid from:{7}, Valid until:{8}
[DEBUG] 2024-02-19 17:04:00,581 security.log() - X509Certificate: Alg:{0}, Serial:{1}, Subject:{2}, Issuer:{3}, Key type:{4}, Length:{5,number,#}, Cert Id:{6,number,#}, Valid from:{7}, Valid until:{8}
[DEBUG] 2024-02-19 17:04:00,581 security.log() - X509Certificate: Alg:{0}, Serial:{1}, Subject:{2}, Issuer:{3}, Key type:{4}, Length:{5,number,#}, Cert Id:{6,number,#}, Valid from:{7}, Valid until:{8}
[DEBUG] 2024-02-19 17:04:00,581 security.log() - X509Certificate: Alg:{0}, Serial:{1}, Subject:{2}, Issuer:{3}, Key type:{4}, Length:{5,number,#}, Cert Id:{6,number,#}, Valid from:{7}, Valid until:{8}
[DEBUG] 2024-02-19 17:04:00,582 security.log() - X509Certificate: Alg:{0}, Serial:{1}, Subject:{2}, Issuer:{3}, Key type:{4}, Length:{5,number,#}, Cert Id:{6,number,#}, Valid from:{7}, Valid until:{8}
[DEBUG] 2024-02-19 17:04:00,582 security.log() - X509Certificate: Alg:{0}, Serial:{1}, Subject:{2}, Issuer:{3}, Key type:{4}, Length:{5,number,#}, Cert Id:{6,number,#}, Valid from:{7}, Valid until:{8}
[DEBUG] 2024-02-19 17:04:00,583 security.log() - X509Certificate: Alg:{0}, Serial:{1}, Subject:{2}, Issuer:{3}, Key type:{4}, Length:{5,number,#}, Cert Id:{6,number,#}, Valid from:{7}, Valid until:{8}
[DEBUG] 2024-02-19 17:04:00,584 security.log() - X509Certificate: Alg:{0}, Serial:{1}, Subject:{2}, Issuer:{3}, Key type:{4}, Length:{5,number,#}, Cert Id:{6,number,#}, Valid from:{7}, Valid until:{8}
[DEBUG] 2024-02-19 17:04:00,584 security.log() - X509Certificate: Alg:{0}, Serial:{1}, Subject:{2}, Issuer:{3}, Key type:{4}, Length:{5,number,#}, Cert Id:{6,number,#}, Valid from:{7}, Valid until:{8}
[DEBUG] 2024-02-19 17:04:00,585 security.log() - X509Certificate: Alg:{0}, Serial:{1}, Subject:{2}, Issuer:{3}, Key type:{4}, Length:{5,number,#}, Cert Id:{6,number,#}, Valid from:{7}, Valid until:{8}
[DEBUG] 2024-02-19 17:04:00,585 security.log() - X509Certificate: Alg:{0}, Serial:{1}, Subject:{2}, Issuer:{3}, Key type:{4}, Length:{5,number,#}, Cert Id:{6,number,#}, Valid from:{7}, Valid until:{8}
[DEBUG] 2024-02-19 17:04:00,585 security.log() - X509Certificate: Alg:{0}, Serial:{1}, Subject:{2}, Issuer:{3}, Key type:{4}, Length:{5,number,#}, Cert Id:{6,number,#}, Valid from:{7}, Valid until:{8}
[DEBUG] 2024-02-19 17:04:00,586 security.log() - X509Certificate: Alg:{0}, Serial:{1}, Subject:{2}, Issuer:{3}, Key type:{4}, Length:{5,number,#}, Cert Id:{6,number,#}, Valid from:{7}, Valid until:{8}
[DEBUG] 2024-02-19 17:04:00,586 security.log() - X509Certificate: Alg:{0}, Serial:{1}, Subject:{2}, Issuer:{3}, Key type:{4}, Length:{5,number,#}, Cert Id:{6,number,#}, Valid from:{7}, Valid until:{8}
[DEBUG] 2024-02-19 17:04:00,586 security.log() - X509Certificate: Alg:{0}, Serial:{1}, Subject:{2}, Issuer:{3}, Key type:{4}, Length:{5,number,#}, Cert Id:{6,number,#}, Valid from:{7}, Valid until:{8}
[DEBUG] 2024-02-19 17:04:00,587 security.log() - X509Certificate: Alg:{0}, Serial:{1}, Subject:{2}, Issuer:{3}, Key type:{4}, Length:{5,number,#}, Cert Id:{6,number,#}, Valid from:{7}, Valid until:{8}
[DEBUG] 2024-02-19 17:04:00,587 security.log() - X509Certificate: Alg:{0}, Serial:{1}, Subject:{2}, Issuer:{3}, Key type:{4}, Length:{5,number,#}, Cert Id:{6,number,#}, Valid from:{7}, Valid until:{8}
[DEBUG] 2024-02-19 17:04:00,588 security.log() - X509Certificate: Alg:{0}, Serial:{1}, Subject:{2}, Issuer:{3}, Key type:{4}, Length:{5,number,#}, Cert Id:{6,number,#}, Valid from:{7}, Valid until:{8}
[DEBUG] 2024-02-19 17:04:00,588 security.log() - X509Certificate: Alg:{0}, Serial:{1}, Subject:{2}, Issuer:{3}, Key type:{4}, Length:{5,number,#}, Cert Id:{6,number,#}, Valid from:{7}, Valid until:{8}
[DEBUG] 2024-02-19 17:04:00,588 security.log() - X509Certificate: Alg:{0}, Serial:{1}, Subject:{2}, Issuer:{3}, Key type:{4}, Length:{5,number,#}, Cert Id:{6,number,#}, Valid from:{7}, Valid until:{8}
[DEBUG] 2024-02-19 17:04:00,590 security.log() - X509Certificate: Alg:{0}, Serial:{1}, Subject:{2}, Issuer:{3}, Key type:{4}, Length:{5,number,#}, Cert Id:{6,number,#}, Valid from:{7}, Valid until:{8}
[DEBUG] 2024-02-19 17:04:00,591 security.log() - X509Certificate: Alg:{0}, Serial:{1}, Subject:{2}, Issuer:{3}, Key type:{4}, Length:{5,number,#}, Cert Id:{6,number,#}, Valid from:{7}, Valid until:{8}
[DEBUG] 2024-02-19 17:04:00,591 security.log() - X509Certificate: Alg:{0}, Serial:{1}, Subject:{2}, Issuer:{3}, Key type:{4}, Length:{5,number,#}, Cert Id:{6,number,#}, Valid from:{7}, Valid until:{8}
[DEBUG] 2024-02-19 17:04:00,591 security.log() - X509Certificate: Alg:{0}, Serial:{1}, Subject:{2}, Issuer:{3}, Key type:{4}, Length:{5,number,#}, Cert Id:{6,number,#}, Valid from:{7}, Valid until:{8}
[DEBUG] 2024-02-19 17:04:00,592 security.log() - X509Certificate: Alg:{0}, Serial:{1}, Subject:{2}, Issuer:{3}, Key type:{4}, Length:{5,number,#}, Cert Id:{6,number,#}, Valid from:{7}, Valid until:{8}
[DEBUG] 2024-02-19 17:04:00,592 security.log() - X509Certificate: Alg:{0}, Serial:{1}, Subject:{2}, Issuer:{3}, Key type:{4}, Length:{5,number,#}, Cert Id:{6,number,#}, Valid from:{7}, Valid until:{8}
[DEBUG] 2024-02-19 17:04:00,593 security.log() - X509Certificate: Alg:{0}, Serial:{1}, Subject:{2}, Issuer:{3}, Key type:{4}, Length:{5,number,#}, Cert Id:{6,number,#}, Valid from:{7}, Valid until:{8}
[DEBUG] 2024-02-19 17:04:00,593 security.log() - X509Certificate: Alg:{0}, Serial:{1}, Subject:{2}, Issuer:{3}, Key type:{4}, Length:{5,number,#}, Cert Id:{6,number,#}, Valid from:{7}, Valid until:{8}
[DEBUG] 2024-02-19 17:04:00,593 security.log() - X509Certificate: Alg:{0}, Serial:{1}, Subject:{2}, Issuer:{3}, Key type:{4}, Length:{5,number,#}, Cert Id:{6,number,#}, Valid from:{7}, Valid until:{8}
[DEBUG] 2024-02-19 17:04:00,594 security.log() - X509Certificate: Alg:{0}, Serial:{1}, Subject:{2}, Issuer:{3}, Key type:{4}, Length:{5,number,#}, Cert Id:{6,number,#}, Valid from:{7}, Valid until:{8}
[DEBUG] 2024-02-19 17:04:00,594 security.log() - X509Certificate: Alg:{0}, Serial:{1}, Subject:{2}, Issuer:{3}, Key type:{4}, Length:{5,number,#}, Cert Id:{6,number,#}, Valid from:{7}, Valid until:{8}
[DEBUG] 2024-02-19 17:04:00,594 security.log() - X509Certificate: Alg:{0}, Serial:{1}, Subject:{2}, Issuer:{3}, Key type:{4}, Length:{5,number,#}, Cert Id:{6,number,#}, Valid from:{7}, Valid until:{8}
[DEBUG] 2024-02-19 17:04:00,595 security.log() - X509Certificate: Alg:{0}, Serial:{1}, Subject:{2}, Issuer:{3}, Key type:{4}, Length:{5,number,#}, Cert Id:{6,number,#}, Valid from:{7}, Valid until:{8}
[DEBUG] 2024-02-19 17:04:00,595 security.log() - X509Certificate: Alg:{0}, Serial:{1}, Subject:{2}, Issuer:{3}, Key type:{4}, Length:{5,number,#}, Cert Id:{6,number,#}, Valid from:{7}, Valid until:{8}
[DEBUG] 2024-02-19 17:04:00,596 security.log() - X509Certificate: Alg:{0}, Serial:{1}, Subject:{2}, Issuer:{3}, Key type:{4}, Length:{5,number,#}, Cert Id:{6,number,#}, Valid from:{7}, Valid until:{8}
[DEBUG] 2024-02-19 17:04:00,596 security.log() - X509Certificate: Alg:{0}, Serial:{1}, Subject:{2}, Issuer:{3}, Key type:{4}, Length:{5,number,#}, Cert Id:{6,number,#}, Valid from:{7}, Valid until:{8}
[DEBUG] 2024-02-19 17:04:00,597 security.log() - X509Certificate: Alg:{0}, Serial:{1}, Subject:{2}, Issuer:{3}, Key type:{4}, Length:{5,number,#}, Cert Id:{6,number,#}, Valid from:{7}, Valid until:{8}
[DEBUG] 2024-02-19 17:04:00,597 security.log() - X509Certificate: Alg:{0}, Serial:{1}, Subject:{2}, Issuer:{3}, Key type:{4}, Length:{5,number,#}, Cert Id:{6,number,#}, Valid from:{7}, Valid until:{8}
[DEBUG] 2024-02-19 17:04:00,598 security.log() - X509Certificate: Alg:{0}, Serial:{1}, Subject:{2}, Issuer:{3}, Key type:{4}, Length:{5,number,#}, Cert Id:{6,number,#}, Valid from:{7}, Valid until:{8}
[DEBUG] 2024-02-19 17:04:00,598 security.log() - X509Certificate: Alg:{0}, Serial:{1}, Subject:{2}, Issuer:{3}, Key type:{4}, Length:{5,number,#}, Cert Id:{6,number,#}, Valid from:{7}, Valid until:{8}
[DEBUG] 2024-02-19 17:04:00,598 security.log() - X509Certificate: Alg:{0}, Serial:{1}, Subject:{2}, Issuer:{3}, Key type:{4}, Length:{5,number,#}, Cert Id:{6,number,#}, Valid from:{7}, Valid until:{8}
[DEBUG] 2024-02-19 17:04:00,599 security.log() - X509Certificate: Alg:{0}, Serial:{1}, Subject:{2}, Issuer:{3}, Key type:{4}, Length:{5,number,#}, Cert Id:{6,number,#}, Valid from:{7}, Valid until:{8}
[DEBUG] 2024-02-19 17:04:00,599 security.log() - X509Certificate: Alg:{0}, Serial:{1}, Subject:{2}, Issuer:{3}, Key type:{4}, Length:{5,number,#}, Cert Id:{6,number,#}, Valid from:{7}, Valid until:{8}
[DEBUG] 2024-02-19 17:04:00,599 security.log() - X509Certificate: Alg:{0}, Serial:{1}, Subject:{2}, Issuer:{3}, Key type:{4}, Length:{5,number,#}, Cert Id:{6,number,#}, Valid from:{7}, Valid until:{8}
[DEBUG] 2024-02-19 17:04:00,600 security.log() - X509Certificate: Alg:{0}, Serial:{1}, Subject:{2}, Issuer:{3}, Key type:{4}, Length:{5,number,#}, Cert Id:{6,number,#}, Valid from:{7}, Valid until:{8}
[DEBUG] 2024-02-19 17:04:00,600 security.log() - X509Certificate: Alg:{0}, Serial:{1}, Subject:{2}, Issuer:{3}, Key type:{4}, Length:{5,number,#}, Cert Id:{6,number,#}, Valid from:{7}, Valid until:{8}
[DEBUG] 2024-02-19 17:04:00,600 security.log() - X509Certificate: Alg:{0}, Serial:{1}, Subject:{2}, Issuer:{3}, Key type:{4}, Length:{5,number,#}, Cert Id:{6,number,#}, Valid from:{7}, Valid until:{8}
[DEBUG] 2024-02-19 17:04:00,601 security.log() - X509Certificate: Alg:{0}, Serial:{1}, Subject:{2}, Issuer:{3}, Key type:{4}, Length:{5,number,#}, Cert Id:{6,number,#}, Valid from:{7}, Valid until:{8}
[DEBUG] 2024-02-19 17:04:00,601 security.log() - X509Certificate: Alg:{0}, Serial:{1}, Subject:{2}, Issuer:{3}, Key type:{4}, Length:{5,number,#}, Cert Id:{6,number,#}, Valid from:{7}, Valid until:{8}
[DEBUG] 2024-02-19 17:04:00,603 security.log() - X509Certificate: Alg:{0}, Serial:{1}, Subject:{2}, Issuer:{3}, Key type:{4}, Length:{5,number,#}, Cert Id:{6,number,#}, Valid from:{7}, Valid until:{8}
[DEBUG] 2024-02-19 17:04:00,603 security.log() - X509Certificate: Alg:{0}, Serial:{1}, Subject:{2}, Issuer:{3}, Key type:{4}, Length:{5,number,#}, Cert Id:{6,number,#}, Valid from:{7}, Valid until:{8}
[DEBUG] 2024-02-19 17:04:00,603 security.log() - X509Certificate: Alg:{0}, Serial:{1}, Subject:{2}, Issuer:{3}, Key type:{4}, Length:{5,number,#}, Cert Id:{6,number,#}, Valid from:{7}, Valid until:{8}
[DEBUG] 2024-02-19 17:04:00,604 security.log() - X509Certificate: Alg:{0}, Serial:{1}, Subject:{2}, Issuer:{3}, Key type:{4}, Length:{5,number,#}, Cert Id:{6,number,#}, Valid from:{7}, Valid until:{8}
[DEBUG] 2024-02-19 17:04:00,604 security.log() - X509Certificate: Alg:{0}, Serial:{1}, Subject:{2}, Issuer:{3}, Key type:{4}, Length:{5,number,#}, Cert Id:{6,number,#}, Valid from:{7}, Valid until:{8}
[DEBUG] 2024-02-19 17:04:00,606 security.log() - X509Certificate: Alg:{0}, Serial:{1}, Subject:{2}, Issuer:{3}, Key type:{4}, Length:{5,number,#}, Cert Id:{6,number,#}, Valid from:{7}, Valid until:{8}
[DEBUG] 2024-02-19 17:04:00,607 security.log() - X509Certificate: Alg:{0}, Serial:{1}, Subject:{2}, Issuer:{3}, Key type:{4}, Length:{5,number,#}, Cert Id:{6,number,#}, Valid from:{7}, Valid until:{8}
[DEBUG] 2024-02-19 17:04:00,607 security.log() - X509Certificate: Alg:{0}, Serial:{1}, Subject:{2}, Issuer:{3}, Key type:{4}, Length:{5,number,#}, Cert Id:{6,number,#}, Valid from:{7}, Valid until:{8}
[DEBUG] 2024-02-19 17:04:00,608 security.log() - X509Certificate: Alg:{0}, Serial:{1}, Subject:{2}, Issuer:{3}, Key type:{4}, Length:{5,number,#}, Cert Id:{6,number,#}, Valid from:{7}, Valid until:{8}
[DEBUG] 2024-02-19 17:04:00,608 security.log() - X509Certificate: Alg:{0}, Serial:{1}, Subject:{2}, Issuer:{3}, Key type:{4}, Length:{5,number,#}, Cert Id:{6,number,#}, Valid from:{7}, Valid until:{8}
[DEBUG] 2024-02-19 17:04:00,609 security.log() - X509Certificate: Alg:{0}, Serial:{1}, Subject:{2}, Issuer:{3}, Key type:{4}, Length:{5,number,#}, Cert Id:{6,number,#}, Valid from:{7}, Valid until:{8}
[DEBUG] 2024-02-19 17:04:00,609 security.log() - X509Certificate: Alg:{0}, Serial:{1}, Subject:{2}, Issuer:{3}, Key type:{4}, Length:{5,number,#}, Cert Id:{6,number,#}, Valid from:{7}, Valid until:{8}
[DEBUG] 2024-02-19 17:04:00,609 security.log() - X509Certificate: Alg:{0}, Serial:{1}, Subject:{2}, Issuer:{3}, Key type:{4}, Length:{5,number,#}, Cert Id:{6,number,#}, Valid from:{7}, Valid until:{8}
[DEBUG] 2024-02-19 17:04:00,610 security.log() - X509Certificate: Alg:{0}, Serial:{1}, Subject:{2}, Issuer:{3}, Key type:{4}, Length:{5,number,#}, Cert Id:{6,number,#}, Valid from:{7}, Valid until:{8}
[DEBUG] 2024-02-19 17:04:00,610 security.log() - X509Certificate: Alg:{0}, Serial:{1}, Subject:{2}, Issuer:{3}, Key type:{4}, Length:{5,number,#}, Cert Id:{6,number,#}, Valid from:{7}, Valid until:{8}
[DEBUG] 2024-02-19 17:04:00,610 security.log() - X509Certificate: Alg:{0}, Serial:{1}, Subject:{2}, Issuer:{3}, Key type:{4}, Length:{5,number,#}, Cert Id:{6,number,#}, Valid from:{7}, Valid until:{8}
[DEBUG] 2024-02-19 17:04:00,610 security.log() - X509Certificate: Alg:{0}, Serial:{1}, Subject:{2}, Issuer:{3}, Key type:{4}, Length:{5,number,#}, Cert Id:{6,number,#}, Valid from:{7}, Valid until:{8}
[DEBUG] 2024-02-19 17:04:00,611 security.log() - X509Certificate: Alg:{0}, Serial:{1}, Subject:{2}, Issuer:{3}, Key type:{4}, Length:{5,number,#}, Cert Id:{6,number,#}, Valid from:{7}, Valid until:{8}
[DEBUG] 2024-02-19 17:04:00,612 security.log() - X509Certificate: Alg:{0}, Serial:{1}, Subject:{2}, Issuer:{3}, Key type:{4}, Length:{5,number,#}, Cert Id:{6,number,#}, Valid from:{7}, Valid until:{8}
[DEBUG] 2024-02-19 17:04:00,612 security.log() - X509Certificate: Alg:{0}, Serial:{1}, Subject:{2}, Issuer:{3}, Key type:{4}, Length:{5,number,#}, Cert Id:{6,number,#}, Valid from:{7}, Valid until:{8}
[DEBUG] 2024-02-19 17:04:00,613 security.log() - X509Certificate: Alg:{0}, Serial:{1}, Subject:{2}, Issuer:{3}, Key type:{4}, Length:{5,number,#}, Cert Id:{6,number,#}, Valid from:{7}, Valid until:{8}
[DEBUG] 2024-02-19 17:04:00,613 security.log() - X509Certificate: Alg:{0}, Serial:{1}, Subject:{2}, Issuer:{3}, Key type:{4}, Length:{5,number,#}, Cert Id:{6,number,#}, Valid from:{7}, Valid until:{8}
[DEBUG] 2024-02-19 17:04:00,614 security.log() - X509Certificate: Alg:{0}, Serial:{1}, Subject:{2}, Issuer:{3}, Key type:{4}, Length:{5,number,#}, Cert Id:{6,number,#}, Valid from:{7}, Valid until:{8}
[DEBUG] 2024-02-19 17:04:00,614 security.log() - X509Certificate: Alg:{0}, Serial:{1}, Subject:{2}, Issuer:{3}, Key type:{4}, Length:{5,number,#}, Cert Id:{6,number,#}, Valid from:{7}, Valid until:{8}
[DEBUG] 2024-02-19 17:04:00,615 security.log() - X509Certificate: Alg:{0}, Serial:{1}, Subject:{2}, Issuer:{3}, Key type:{4}, Length:{5,number,#}, Cert Id:{6,number,#}, Valid from:{7}, Valid until:{8}
[DEBUG] 2024-02-19 17:04:00,615 security.log() - X509Certificate: Alg:{0}, Serial:{1}, Subject:{2}, Issuer:{3}, Key type:{4}, Length:{5,number,#}, Cert Id:{6,number,#}, Valid from:{7}, Valid until:{8}
[DEBUG] 2024-02-19 17:04:00,615 security.log() - X509Certificate: Alg:{0}, Serial:{1}, Subject:{2}, Issuer:{3}, Key type:{4}, Length:{5,number,#}, Cert Id:{6,number,#}, Valid from:{7}, Valid until:{8}
[DEBUG] 2024-02-19 17:04:00,616 security.log() - X509Certificate: Alg:{0}, Serial:{1}, Subject:{2}, Issuer:{3}, Key type:{4}, Length:{5,number,#}, Cert Id:{6,number,#}, Valid from:{7}, Valid until:{8}
[DEBUG] 2024-02-19 17:04:00,616 security.log() - X509Certificate: Alg:{0}, Serial:{1}, Subject:{2}, Issuer:{3}, Key type:{4}, Length:{5,number,#}, Cert Id:{6,number,#}, Valid from:{7}, Valid until:{8}
[DEBUG] 2024-02-19 17:04:00,616 security.log() - X509Certificate: Alg:{0}, Serial:{1}, Subject:{2}, Issuer:{3}, Key type:{4}, Length:{5,number,#}, Cert Id:{6,number,#}, Valid from:{7}, Valid until:{8}
[DEBUG] 2024-02-19 17:04:00,617 security.log() - X509Certificate: Alg:{0}, Serial:{1}, Subject:{2}, Issuer:{3}, Key type:{4}, Length:{5,number,#}, Cert Id:{6,number,#}, Valid from:{7}, Valid until:{8}
[DEBUG] 2024-02-19 17:04:00,617 security.log() - X509Certificate: Alg:{0}, Serial:{1}, Subject:{2}, Issuer:{3}, Key type:{4}, Length:{5,number,#}, Cert Id:{6,number,#}, Valid from:{7}, Valid until:{8}
[DEBUG] 2024-02-19 17:04:00,618 security.log() - X509Certificate: Alg:{0}, Serial:{1}, Subject:{2}, Issuer:{3}, Key type:{4}, Length:{5,number,#}, Cert Id:{6,number,#}, Valid from:{7}, Valid until:{8}
[DEBUG] 2024-02-19 17:04:00,618 security.log() - X509Certificate: Alg:{0}, Serial:{1}, Subject:{2}, Issuer:{3}, Key type:{4}, Length:{5,number,#}, Cert Id:{6,number,#}, Valid from:{7}, Valid until:{8}
[DEBUG] 2024-02-19 17:04:01,269 security.log() - X509Certificate: Alg:{0}, Serial:{1}, Subject:{2}, Issuer:{3}, Key type:{4}, Length:{5,number,#}, Cert Id:{6,number,#}, Valid from:{7}, Valid until:{8}
[DEBUG] 2024-02-19 17:04:01,270 security.log() - X509Certificate: Alg:{0}, Serial:{1}, Subject:{2}, Issuer:{3}, Key type:{4}, Length:{5,number,#}, Cert Id:{6,number,#}, Valid from:{7}, Valid until:{8}
[DEBUG] 2024-02-19 17:04:01,271 security.log() - X509Certificate: Alg:{0}, Serial:{1}, Subject:{2}, Issuer:{3}, Key type:{4}, Length:{5,number,#}, Cert Id:{6,number,#}, Valid from:{7}, Valid until:{8}
[DEBUG] 2024-02-19 17:04:01,273 security.log() - X509Certificate: Alg:{0}, Serial:{1}, Subject:{2}, Issuer:{3}, Key type:{4}, Length:{5,number,#}, Cert Id:{6,number,#}, Valid from:{7}, Valid until:{8}
[DEBUG] 2024-02-19 17:04:01,367 security.log() - ValidationChain: {0,number,#}, {1}
[DEBUG] 2024-02-19 17:04:01,390 security.log() -  TLSHandshake: {0}:{1,number,#}, {2}, {3}, {4,number,#}
]]></system-out>
  </testcase>
</testsuite>