<?xml version="1.0" encoding="UTF-8"?>
<!-- Generated by org.testng.reporters.JUnitReportReporter -->
<testsuite hostname="DESKTOP-DFKEKLV" failures="0" tests="1" name="com.qa.banking.TestCases.APITest" time="4.107" errors="0" timestamp="2024-02-19T17:04:03 IST" skipped="0">
  <testcase classname="com.qa.banking.TestCases.APITest" name="testGetRequest" time="4.107"/>
</testsuite> <!-- com.qa.banking.TestCases.APITest -->
