<?xml version="1.0" encoding="UTF-8"?>
<!-- Generated by org.testng.reporters.JUnitReportReporter -->
<testsuite hostname="DESKTOP-DFKEKLV" failures="0" tests="4" name="com.qa.banking.TestCases.LoginPageTest" time="26.664" errors="0" timestamp="2024-02-19T17:04:03 IST" skipped="0">
  <testcase classname="com.qa.banking.TestCases.LoginPageTest" name="loginPageTitleTest" time="5.479"/>
  <testcase classname="com.qa.banking.TestCases.LoginPageTest" name="bankingPageLogoTest" time="12.044"/>
  <testcase classname="com.qa.banking.TestCases.LoginPageTest" name="loginTest" time="5.355"/>
  <testcase classname="com.qa.banking.TestCases.LoginPageTest" name="loginTest" time="3.786"/>
</testsuite> <!-- com.qa.banking.TestCases.LoginPageTest -->
