<?xml version="1.0" encoding="UTF-8"?>
<!-- Generated by org.testng.reporters.JUnitReportReporter -->
<testsuite hostname="DESKTOP-DFKEKLV" failures="0" tests="1" name="com.qa.banking.TestCases.RegisterPageTest" time="10.011" errors="0" timestamp="2024-02-19T17:04:03 IST" skipped="0">
  <testcase classname="com.qa.banking.TestCases.RegisterPageTest" name="newuserregistration" time="10.011"/>
</testsuite> <!-- com.qa.banking.TestCases.RegisterPageTest -->
